<?xml version="1.0" encoding="UTF-8"?>
<testng-results skipped="0" failed="0" ignored="0" total="1" passed="1">
  <reporter-output>
  </reporter-output>
  <suite name="TestSuite" duration-ms="7720" started-at="2020-02-11T15:42:54Z" finished-at="2020-02-11T15:43:02Z">
    <groups>
    </groups>
    <test name="Test" duration-ms="7720" started-at="2020-02-11T15:42:54Z" finished-at="2020-02-11T15:43:02Z">
      <class name="tests.RegisterTest">
        <test-method status="PASS" signature="initialize()[pri:0, instance:tests.RegisterTest@887af79]" name="initialize" is-config="true" duration-ms="187" started-at="2020-02-11T15:42:54Z" finished-at="2020-02-11T15:42:54Z">
          <reporter-output>
          </reporter-output>
        </test-method> <!-- initialize -->
        <test-method status="PASS" signature="setup(java.lang.String)[pri:0, instance:tests.RegisterTest@887af79]" name="setup" is-config="true" duration-ms="4808" started-at="2020-02-11T15:42:54Z" finished-at="2020-02-11T15:42:59Z">
          <params>
            <param index="0">
              <value>
                <![CDATA[chrome]]>
              </value>
            </param>
          </params>
          <reporter-output>
          </reporter-output>
        </test-method> <!-- setup -->
        <test-method status="PASS" signature="register()[pri:0, instance:tests.RegisterTest@887af79]" name="register" duration-ms="2565" started-at="2020-02-11T15:42:59Z" description="Registering details" finished-at="2020-02-11T15:43:01Z">
          <reporter-output>
          </reporter-output>
        </test-method> <!-- register -->
        <test-method status="PASS" signature="getResult(org.testng.ITestResult)[pri:0, instance:tests.RegisterTest@887af79]" name="getResult" is-config="true" duration-ms="332" started-at="2020-02-11T15:43:01Z" finished-at="2020-02-11T15:43:02Z">
          <params>
            <param index="0">
              <value>
                <![CDATA[[TestResult name=register status=SUCCESS method=RegisterTest.register()[pri:0, instance:tests.RegisterTest@887af79] output={null}]]]>
              </value>
            </param>
          </params>
          <reporter-output>
          </reporter-output>
        </test-method> <!-- getResult -->
        <test-method status="PASS" signature="TeardownTest()[pri:0, instance:tests.RegisterTest@887af79]" name="TeardownTest" is-config="true" duration-ms="1094" started-at="2020-02-11T15:43:02Z" finished-at="2020-02-11T15:43:03Z">
          <reporter-output>
          </reporter-output>
        </test-method> <!-- TeardownTest -->
      </class> <!-- tests.RegisterTest -->
    </test> <!-- Test -->
  </suite> <!-- TestSuite -->
</testng-results>
