<?xml version="1.0" encoding="UTF-8"?>
<testng-results skipped="0" failed="2" ignored="0" total="6" passed="4">
  <reporter-output>
  </reporter-output>
  <suite name="TestSuite" duration-ms="5665" started-at="2020-02-16T08:20:43Z" finished-at="2020-02-16T08:20:48Z">
    <groups>
      <group name="FullServiceScenario">
        <method signature="RegisterTest.register()[pri:0, instance:tests.RegisterTest@6e0e048a]" name="register" class="tests.RegisterTest"/>
        <method signature="AddToCartTest.addProductToCart()[pri:4, instance:serviceTests.AddToCartTest@5e853265]" name="addProductToCart" class="serviceTests.AddToCartTest"/>
        <method signature="AddToCartTest.getProductDetailsService()[pri:3, instance:serviceTests.AddToCartTest@5e853265]" name="getProductDetailsService" class="serviceTests.AddToCartTest"/>
        <method signature="AddToCartTest.oAuthTokenService()[pri:0, instance:serviceTests.AddToCartTest@5e853265]" name="oAuthTokenService" class="serviceTests.AddToCartTest"/>
        <method signature="AddToCartTest.searchSofaService()[pri:2, instance:serviceTests.AddToCartTest@5e853265]" name="searchSofaService" class="serviceTests.AddToCartTest"/>
        <method signature="AddToCartTest.signInUsingService()[pri:1, instance:serviceTests.AddToCartTest@5e853265]" name="signInUsingService" class="serviceTests.AddToCartTest"/>
      </group> <!-- FullServiceScenario -->
    </groups>
    <test name="test name FIRST" duration-ms="66" started-at="2020-02-16T08:20:43Z" finished-at="2020-02-16T08:20:43Z">
      <class name="tests.RegisterTest">
        <test-method status="FAIL" signature="register()[pri:0, instance:tests.RegisterTest@6e0e048a]" name="register" duration-ms="38" started-at="2020-02-16T08:20:43Z" description="Registering details" finished-at="2020-02-16T08:20:43Z">
          <exception class="java.lang.NullPointerException">
            <full-stacktrace>
              <![CDATA[java.lang.NullPointerException
at tests.RegisterTest.register(RegisterTest.java:19)
at sun.reflect.NativeMethodAccessorImpl.invoke0(Native Method)
at sun.reflect.NativeMethodAccessorImpl.invoke(Unknown Source)
at sun.reflect.DelegatingMethodAccessorImpl.invoke(Unknown Source)
at java.lang.reflect.Method.invoke(Unknown Source)
at org.testng.internal.MethodInvocationHelper.invokeMethod(MethodInvocationHelper.java:124)
at org.testng.internal.Invoker.invokeMethod(Invoker.java:583)
at org.testng.internal.Invoker.invokeTestMethod(Invoker.java:719)
at org.testng.internal.Invoker.invokeTestMethods(Invoker.java:989)
at org.testng.internal.TestMethodWorker.invokeTestMethods(TestMethodWorker.java:125)
at org.testng.internal.TestMethodWorker.run(TestMethodWorker.java:109)
at org.testng.TestRunner.privateRun(TestRunner.java:648)
at org.testng.TestRunner.run(TestRunner.java:505)
at org.testng.SuiteRunner.runTest(SuiteRunner.java:455)
at org.testng.SuiteRunner.access$000(SuiteRunner.java:40)
at org.testng.SuiteRunner$SuiteWorker.run(SuiteRunner.java:489)
at org.testng.internal.thread.ThreadUtil$1.call(ThreadUtil.java:52)
at java.util.concurrent.FutureTask.run(Unknown Source)
at java.util.concurrent.ThreadPoolExecutor.runWorker(Unknown Source)
at java.util.concurrent.ThreadPoolExecutor$Worker.run(Unknown Source)
at java.lang.Thread.run(Unknown Source)
]]>
            </full-stacktrace>
          </exception> <!-- java.lang.NullPointerException -->
          <reporter-output>
          </reporter-output>
        </test-method> <!-- register -->
        <test-method status="FAIL" signature="getResult(org.testng.ITestResult)[pri:0, instance:tests.RegisterTest@6e0e048a]" name="getResult" is-config="true" duration-ms="1" started-at="2020-02-16T08:20:43Z" finished-at="2020-02-16T08:20:43Z">
          <params>
            <param index="0">
              <value>
                <![CDATA[[TestResult name=register status=FAILURE method=RegisterTest.register()[pri:0, instance:tests.RegisterTest@6e0e048a] output={null}]]]>
              </value>
            </param>
          </params>
          <exception class="java.lang.NullPointerException">
            <full-stacktrace>
              <![CDATA[java.lang.NullPointerException
at utils.DriverInfo.getResult(DriverInfo.java:82)
at sun.reflect.NativeMethodAccessorImpl.invoke0(Native Method)
at sun.reflect.NativeMethodAccessorImpl.invoke(Unknown Source)
at sun.reflect.DelegatingMethodAccessorImpl.invoke(Unknown Source)
at java.lang.reflect.Method.invoke(Unknown Source)
at org.testng.internal.MethodInvocationHelper.invokeMethod(MethodInvocationHelper.java:124)
at org.testng.internal.MethodInvocationHelper.invokeMethodConsideringTimeout(MethodInvocationHelper.java:59)
at org.testng.internal.Invoker.invokeConfigurationMethod(Invoker.java:458)
at org.testng.internal.Invoker.invokeConfigurations(Invoker.java:222)
at org.testng.internal.Invoker.invokeMethod(Invoker.java:646)
at org.testng.internal.Invoker.invokeTestMethod(Invoker.java:719)
at org.testng.internal.Invoker.invokeTestMethods(Invoker.java:989)
at org.testng.internal.TestMethodWorker.invokeTestMethods(TestMethodWorker.java:125)
at org.testng.internal.TestMethodWorker.run(TestMethodWorker.java:109)
at org.testng.TestRunner.privateRun(TestRunner.java:648)
at org.testng.TestRunner.run(TestRunner.java:505)
at org.testng.SuiteRunner.runTest(SuiteRunner.java:455)
at org.testng.SuiteRunner.access$000(SuiteRunner.java:40)
at org.testng.SuiteRunner$SuiteWorker.run(SuiteRunner.java:489)
at org.testng.internal.thread.ThreadUtil$1.call(ThreadUtil.java:52)
at java.util.concurrent.FutureTask.run(Unknown Source)
at java.util.concurrent.ThreadPoolExecutor.runWorker(Unknown Source)
at java.util.concurrent.ThreadPoolExecutor$Worker.run(Unknown Source)
at java.lang.Thread.run(Unknown Source)
]]>
            </full-stacktrace>
          </exception> <!-- java.lang.NullPointerException -->
          <reporter-output>
          </reporter-output>
        </test-method> <!-- getResult -->
      </class> <!-- tests.RegisterTest -->
    </test> <!-- test name FIRST -->
    <test name="test name SECOND" duration-ms="5665" started-at="2020-02-16T08:20:43Z" finished-at="2020-02-16T08:20:48Z">
      <class name="serviceTests.AddToCartTest">
        <test-method status="PASS" signature="initialize()[pri:0, instance:serviceTests.AddToCartTest@5e853265]" name="initialize" is-config="true" duration-ms="195" started-at="2020-02-16T08:20:38Z" finished-at="2020-02-16T08:20:38Z">
          <reporter-output>
          </reporter-output>
        </test-method> <!-- initialize -->
        <test-method status="PASS" signature="setup(java.lang.String)[pri:0, instance:serviceTests.AddToCartTest@5e853265]" name="setup" is-config="true" duration-ms="5066" started-at="2020-02-16T08:20:38Z" finished-at="2020-02-16T08:20:43Z">
          <params>
            <param index="0">
              <value>
                <![CDATA[chrome]]>
              </value>
            </param>
          </params>
          <reporter-output>
          </reporter-output>
        </test-method> <!-- setup -->
        <test-method status="PASS" signature="oAuthTokenService()[pri:0, instance:serviceTests.AddToCartTest@5e853265]" name="oAuthTokenService" duration-ms="1517" started-at="2020-02-16T08:20:43Z" finished-at="2020-02-16T08:20:44Z">
          <reporter-output>
          </reporter-output>
        </test-method> <!-- oAuthTokenService -->
        <test-method status="PASS" signature="getResult(org.testng.ITestResult)[pri:0, instance:serviceTests.AddToCartTest@5e853265]" name="getResult" is-config="true" duration-ms="717" started-at="2020-02-16T08:20:44Z" finished-at="2020-02-16T08:20:45Z">
          <params>
            <param index="0">
              <value>
                <![CDATA[[TestResult name=oAuthTokenService status=SUCCESS method=AddToCartTest.oAuthTokenService()[pri:0, instance:serviceTests.AddToCartTest@5e853265] output={null}]]]>
              </value>
            </param>
          </params>
          <reporter-output>
          </reporter-output>
        </test-method> <!-- getResult -->
        <test-method status="PASS" signature="signInUsingService()[pri:1, instance:serviceTests.AddToCartTest@5e853265]" name="signInUsingService" duration-ms="212" started-at="2020-02-16T08:20:45Z" finished-at="2020-02-16T08:20:45Z">
          <reporter-output>
          </reporter-output>
        </test-method> <!-- signInUsingService -->
        <test-method status="PASS" signature="getResult(org.testng.ITestResult)[pri:0, instance:serviceTests.AddToCartTest@5e853265]" name="getResult" is-config="true" duration-ms="685" started-at="2020-02-16T08:20:45Z" finished-at="2020-02-16T08:20:46Z">
          <params>
            <param index="0">
              <value>
                <![CDATA[[TestResult name=signInUsingService status=SUCCESS method=AddToCartTest.signInUsingService()[pri:1, instance:serviceTests.AddToCartTest@5e853265] output={null}]]]>
              </value>
            </param>
          </params>
          <reporter-output>
          </reporter-output>
        </test-method> <!-- getResult -->
        <test-method status="PASS" signature="searchSofaService()[pri:2, instance:serviceTests.AddToCartTest@5e853265]" name="searchSofaService" duration-ms="348" started-at="2020-02-16T08:20:46Z" finished-at="2020-02-16T08:20:46Z">
          <reporter-output>
          </reporter-output>
        </test-method> <!-- searchSofaService -->
        <test-method status="PASS" signature="getResult(org.testng.ITestResult)[pri:0, instance:serviceTests.AddToCartTest@5e853265]" name="getResult" is-config="true" duration-ms="653" started-at="2020-02-16T08:20:46Z" finished-at="2020-02-16T08:20:47Z">
          <params>
            <param index="0">
              <value>
                <![CDATA[[TestResult name=searchSofaService status=SUCCESS method=AddToCartTest.searchSofaService()[pri:2, instance:serviceTests.AddToCartTest@5e853265] output={null}]]]>
              </value>
            </param>
          </params>
          <reporter-output>
          </reporter-output>
        </test-method> <!-- getResult -->
        <test-method status="PASS" signature="getProductDetailsService()[pri:3, instance:serviceTests.AddToCartTest@5e853265]" name="getProductDetailsService" duration-ms="57" started-at="2020-02-16T08:20:47Z" finished-at="2020-02-16T08:20:47Z">
          <reporter-output>
          </reporter-output>
        </test-method> <!-- getProductDetailsService -->
        <test-method status="PASS" signature="getResult(org.testng.ITestResult)[pri:0, instance:serviceTests.AddToCartTest@5e853265]" name="getResult" is-config="true" duration-ms="670" started-at="2020-02-16T08:20:47Z" finished-at="2020-02-16T08:20:48Z">
          <params>
            <param index="0">
              <value>
                <![CDATA[[TestResult name=getProductDetailsService status=SUCCESS method=AddToCartTest.getProductDetailsService()[pri:3, instance:serviceTests.AddToCartTest@5e853265] output={null}]]]>
              </value>
            </param>
          </params>
          <reporter-output>
          </reporter-output>
        </test-method> <!-- getResult -->
        <test-method status="FAIL" signature="addProductToCart()[pri:4, instance:serviceTests.AddToCartTest@5e853265]" name="addProductToCart" duration-ms="53" started-at="2020-02-16T08:20:48Z" finished-at="2020-02-16T08:20:48Z">
          <exception class="java.lang.AssertionError">
            <message>
              <![CDATA[expected [201] but found [409]]]>
            </message>
            <full-stacktrace>
              <![CDATA[java.lang.AssertionError: expected [201] but found [409]
at org.testng.Assert.fail(Assert.java:96)
at org.testng.Assert.failNotEquals(Assert.java:776)
at org.testng.Assert.assertEqualsImpl(Assert.java:137)
at org.testng.Assert.assertEquals(Assert.java:118)
at org.testng.Assert.assertEquals(Assert.java:652)
at org.testng.Assert.assertEquals(Assert.java:662)
at services.cart.AddToCartRequest.verifyaddToCartResponseStatusCode(AddToCartRequest.java:35)
at serviceTests.AddToCartTest.addProductToCart(AddToCartTest.java:68)
at sun.reflect.NativeMethodAccessorImpl.invoke0(Native Method)
at sun.reflect.NativeMethodAccessorImpl.invoke(Unknown Source)
at sun.reflect.DelegatingMethodAccessorImpl.invoke(Unknown Source)
at java.lang.reflect.Method.invoke(Unknown Source)
at org.testng.internal.MethodInvocationHelper.invokeMethod(MethodInvocationHelper.java:124)
at org.testng.internal.Invoker.invokeMethod(Invoker.java:583)
at org.testng.internal.Invoker.invokeTestMethod(Invoker.java:719)
at org.testng.internal.Invoker.invokeTestMethods(Invoker.java:989)
at org.testng.internal.TestMethodWorker.invokeTestMethods(TestMethodWorker.java:125)
at org.testng.internal.TestMethodWorker.run(TestMethodWorker.java:109)
at org.testng.TestRunner.privateRun(TestRunner.java:648)
at org.testng.TestRunner.run(TestRunner.java:505)
at org.testng.SuiteRunner.runTest(SuiteRunner.java:455)
at org.testng.SuiteRunner.access$000(SuiteRunner.java:40)
at org.testng.SuiteRunner$SuiteWorker.run(SuiteRunner.java:489)
at org.testng.internal.thread.ThreadUtil$1.call(ThreadUtil.java:52)
at java.util.concurrent.FutureTask.run(Unknown Source)
at java.util.concurrent.ThreadPoolExecutor.runWorker(Unknown Source)
at java.util.concurrent.ThreadPoolExecutor$Worker.run(Unknown Source)
at java.lang.Thread.run(Unknown Source)
]]>
            </full-stacktrace>
          </exception> <!-- java.lang.AssertionError -->
          <reporter-output>
          </reporter-output>
        </test-method> <!-- addProductToCart -->
        <test-method status="PASS" signature="getResult(org.testng.ITestResult)[pri:0, instance:serviceTests.AddToCartTest@5e853265]" name="getResult" is-config="true" duration-ms="726" started-at="2020-02-16T08:20:48Z" finished-at="2020-02-16T08:20:48Z">
          <params>
            <param index="0">
              <value>
                <![CDATA[[TestResult name=addProductToCart status=FAILURE method=AddToCartTest.addProductToCart()[pri:4, instance:serviceTests.AddToCartTest@5e853265] output={null}]]]>
              </value>
            </param>
          </params>
          <reporter-output>
          </reporter-output>
        </test-method> <!-- getResult -->
        <test-method status="PASS" signature="TeardownTest()[pri:0, instance:serviceTests.AddToCartTest@5e853265]" name="TeardownTest" is-config="true" duration-ms="1577" started-at="2020-02-16T08:20:49Z" finished-at="2020-02-16T08:20:50Z">
          <reporter-output>
          </reporter-output>
        </test-method> <!-- TeardownTest -->
      </class> <!-- serviceTests.AddToCartTest -->
    </test> <!-- test name SECOND -->
  </suite> <!-- TestSuite -->
</testng-results>
