<?xml version="1.0" encoding="UTF-8"?>
<testng-results skipped="1" failed="2" ignored="3" total="6" passed="0">
  <reporter-output>
  </reporter-output>
  <suite name="TestSuite" duration-ms="111900" started-at="2020-02-05T17:33:55Z" finished-at="2020-02-05T17:35:47Z">
    <groups>
      <group name="login">
        <method signature="SignupTest.signInUsingService()[pri:1, instance:serviceTests.SignupTest@5b87ed94]" name="signInUsingService" class="serviceTests.SignupTest"/>
      </group> <!-- login -->
      <group name="register">
        <method signature="SignupTest.signUpUsingService()[pri:0, instance:serviceTests.SignupTest@5b87ed94]" name="signUpUsingService" class="serviceTests.SignupTest"/>
      </group> <!-- register -->
    </groups>
    <test name="Test" duration-ms="111900" started-at="2020-02-05T17:33:55Z" finished-at="2020-02-05T17:35:47Z">
      <class name="serviceTests.SignupTest">
        <test-method status="FAIL" signature="signUpUsingService()[pri:0, instance:serviceTests.SignupTest@5b87ed94]" name="signUpUsingService" duration-ms="0" started-at="2020-02-05T17:35:47Z" finished-at="2020-02-05T17:35:47Z">
          <exception class="java.lang.NullPointerException">
            <full-stacktrace>
              <![CDATA[java.lang.NullPointerException
at serviceTests.SignupTest.signUpUsingService(SignupTest.java:13)
at sun.reflect.NativeMethodAccessorImpl.invoke0(Native Method)
at sun.reflect.NativeMethodAccessorImpl.invoke(Unknown Source)
at sun.reflect.DelegatingMethodAccessorImpl.invoke(Unknown Source)
at java.lang.reflect.Method.invoke(Unknown Source)
at org.testng.internal.MethodInvocationHelper.invokeMethod(MethodInvocationHelper.java:124)
at org.testng.internal.Invoker.invokeMethod(Invoker.java:583)
at org.testng.internal.Invoker.invokeTestMethod(Invoker.java:719)
at org.testng.internal.Invoker.invokeTestMethods(Invoker.java:989)
at org.testng.internal.TestMethodWorker.invokeTestMethods(TestMethodWorker.java:125)
at org.testng.internal.TestMethodWorker.run(TestMethodWorker.java:109)
at org.testng.TestRunner.privateRun(TestRunner.java:648)
at org.testng.TestRunner.run(TestRunner.java:505)
at org.testng.SuiteRunner.runTest(SuiteRunner.java:455)
at org.testng.SuiteRunner.access$000(SuiteRunner.java:40)
at org.testng.SuiteRunner$SuiteWorker.run(SuiteRunner.java:489)
at org.testng.internal.thread.ThreadUtil$1.call(ThreadUtil.java:52)
at java.util.concurrent.FutureTask.run(Unknown Source)
at java.util.concurrent.ThreadPoolExecutor.runWorker(Unknown Source)
at java.util.concurrent.ThreadPoolExecutor$Worker.run(Unknown Source)
at java.lang.Thread.run(Unknown Source)
]]>
            </full-stacktrace>
          </exception> <!-- java.lang.NullPointerException -->
          <reporter-output>
          </reporter-output>
        </test-method> <!-- signUpUsingService -->
        <test-method status="SKIP" signature="getResult(org.testng.ITestResult)[pri:0, instance:serviceTests.SignupTest@5b87ed94]" name="getResult" is-config="true" duration-ms="0" started-at="2020-02-05T17:35:47Z" finished-at="2020-02-05T17:35:47Z">
          <reporter-output>
          </reporter-output>
        </test-method> <!-- getResult -->
        <test-method status="SKIP" signature="signInUsingService()[pri:1, instance:serviceTests.SignupTest@5b87ed94]" name="signInUsingService" duration-ms="0" started-at="2020-02-05T17:35:47Z" finished-at="2020-02-05T17:35:47Z">
          <exception class="java.lang.NullPointerException">
            <full-stacktrace>
              <![CDATA[java.lang.NullPointerException
at utils.DriverInfo.getResult(DriverInfo.java:74)
at sun.reflect.NativeMethodAccessorImpl.invoke0(Native Method)
at sun.reflect.NativeMethodAccessorImpl.invoke(Unknown Source)
at sun.reflect.DelegatingMethodAccessorImpl.invoke(Unknown Source)
at java.lang.reflect.Method.invoke(Unknown Source)
at org.testng.internal.MethodInvocationHelper.invokeMethod(MethodInvocationHelper.java:124)
at org.testng.internal.MethodInvocationHelper.invokeMethodConsideringTimeout(MethodInvocationHelper.java:59)
at org.testng.internal.Invoker.invokeConfigurationMethod(Invoker.java:458)
at org.testng.internal.Invoker.invokeConfigurations(Invoker.java:222)
at org.testng.internal.Invoker.invokeMethod(Invoker.java:646)
at org.testng.internal.Invoker.invokeTestMethod(Invoker.java:719)
at org.testng.internal.Invoker.invokeTestMethods(Invoker.java:989)
at org.testng.internal.TestMethodWorker.invokeTestMethods(TestMethodWorker.java:125)
at org.testng.internal.TestMethodWorker.run(TestMethodWorker.java:109)
at org.testng.TestRunner.privateRun(TestRunner.java:648)
at org.testng.TestRunner.run(TestRunner.java:505)
at org.testng.SuiteRunner.runTest(SuiteRunner.java:455)
at org.testng.SuiteRunner.access$000(SuiteRunner.java:40)
at org.testng.SuiteRunner$SuiteWorker.run(SuiteRunner.java:489)
at org.testng.internal.thread.ThreadUtil$1.call(ThreadUtil.java:52)
at java.util.concurrent.FutureTask.run(Unknown Source)
at java.util.concurrent.ThreadPoolExecutor.runWorker(Unknown Source)
at java.util.concurrent.ThreadPoolExecutor$Worker.run(Unknown Source)
at java.lang.Thread.run(Unknown Source)
]]>
            </full-stacktrace>
          </exception> <!-- java.lang.NullPointerException -->
          <reporter-output>
          </reporter-output>
        </test-method> <!-- signInUsingService -->
        <test-method status="FAIL" signature="getResult(org.testng.ITestResult)[pri:0, instance:serviceTests.SignupTest@5b87ed94]" name="getResult" is-config="true" duration-ms="0" started-at="2020-02-05T17:35:47Z" finished-at="2020-02-05T17:35:47Z">
          <params>
            <param index="0">
              <value>
                <![CDATA[[TestResult name=signUpUsingService status=FAILURE method=SignupTest.signUpUsingService()[pri:0, instance:serviceTests.SignupTest@5b87ed94] output={null}]]]>
              </value>
            </param>
          </params>
          <exception class="java.lang.NullPointerException">
            <full-stacktrace>
              <![CDATA[java.lang.NullPointerException
at utils.DriverInfo.getResult(DriverInfo.java:74)
at sun.reflect.NativeMethodAccessorImpl.invoke0(Native Method)
at sun.reflect.NativeMethodAccessorImpl.invoke(Unknown Source)
at sun.reflect.DelegatingMethodAccessorImpl.invoke(Unknown Source)
at java.lang.reflect.Method.invoke(Unknown Source)
at org.testng.internal.MethodInvocationHelper.invokeMethod(MethodInvocationHelper.java:124)
at org.testng.internal.MethodInvocationHelper.invokeMethodConsideringTimeout(MethodInvocationHelper.java:59)
at org.testng.internal.Invoker.invokeConfigurationMethod(Invoker.java:458)
at org.testng.internal.Invoker.invokeConfigurations(Invoker.java:222)
at org.testng.internal.Invoker.invokeMethod(Invoker.java:646)
at org.testng.internal.Invoker.invokeTestMethod(Invoker.java:719)
at org.testng.internal.Invoker.invokeTestMethods(Invoker.java:989)
at org.testng.internal.TestMethodWorker.invokeTestMethods(TestMethodWorker.java:125)
at org.testng.internal.TestMethodWorker.run(TestMethodWorker.java:109)
at org.testng.TestRunner.privateRun(TestRunner.java:648)
at org.testng.TestRunner.run(TestRunner.java:505)
at org.testng.SuiteRunner.runTest(SuiteRunner.java:455)
at org.testng.SuiteRunner.access$000(SuiteRunner.java:40)
at org.testng.SuiteRunner$SuiteWorker.run(SuiteRunner.java:489)
at org.testng.internal.thread.ThreadUtil$1.call(ThreadUtil.java:52)
at java.util.concurrent.FutureTask.run(Unknown Source)
at java.util.concurrent.ThreadPoolExecutor.runWorker(Unknown Source)
at java.util.concurrent.ThreadPoolExecutor$Worker.run(Unknown Source)
at java.lang.Thread.run(Unknown Source)
]]>
            </full-stacktrace>
          </exception> <!-- java.lang.NullPointerException -->
          <reporter-output>
          </reporter-output>
        </test-method> <!-- getResult -->
      </class> <!-- serviceTests.SignupTest -->
      <class name="tests.RegisterTest">
        <test-method status="PASS" signature="initialize()[pri:0, instance:tests.RegisterTest@7fac631b]" name="initialize" is-config="true" duration-ms="203" started-at="2020-02-05T17:33:55Z" finished-at="2020-02-05T17:33:55Z">
          <reporter-output>
          </reporter-output>
        </test-method> <!-- initialize -->
        <test-method status="PASS" signature="setup(java.lang.String)[pri:0, instance:tests.RegisterTest@7fac631b]" name="setup" is-config="true" duration-ms="5476" started-at="2020-02-05T17:33:55Z" finished-at="2020-02-05T17:34:01Z">
          <params>
            <param index="0">
              <value>
                <![CDATA[chrome]]>
              </value>
            </param>
          </params>
          <reporter-output>
          </reporter-output>
        </test-method> <!-- setup -->
        <test-method status="FAIL" signature="register()[pri:0, instance:tests.RegisterTest@7fac631b]" name="register" duration-ms="105717" started-at="2020-02-05T17:34:01Z" description="Registering details" finished-at="2020-02-05T17:35:47Z">
          <exception class="java.lang.StackOverflowError">
            <full-stacktrace>
              <![CDATA[java.lang.StackOverflowError
at java.lang.String.startsWith(Unknown Source)
at sun.net.www.protocol.jar.Handler.parseContextSpec(Unknown Source)
at sun.net.www.protocol.jar.Handler.parseURL(Unknown Source)
at java.net.URL.<init>(Unknown Source)
at java.net.URL.<init>(Unknown Source)
at sun.misc.URLClassPath$JarLoader.checkResource(Unknown Source)
at sun.misc.URLClassPath$JarLoader.getResource(Unknown Source)
at sun.misc.URLClassPath.getResource(Unknown Source)
at java.net.URLClassLoader$1.run(Unknown Source)
at java.net.URLClassLoader$1.run(Unknown Source)
at java.security.AccessController.doPrivileged(Native Method)
at java.net.URLClassLoader.findClass(Unknown Source)
at java.lang.ClassLoader.loadClass(Unknown Source)
at sun.misc.Launcher$AppClassLoader.loadClass(Unknown Source)
at java.lang.ClassLoader.loadClass(Unknown Source)
at org.openqa.selenium.support.ui.FluentWait.propagateIfNotIgnored(FluentWait.java:301)
at org.openqa.selenium.support.ui.FluentWait.until(FluentWait.java:270)
at utils.BasePage.waitForElement(BasePage.java:25)
at utils.BasePage.moveToElement(BasePage.java:105)
at utils.BasePage.waitForElement(BasePage.java:26)
at utils.BasePage.moveToElement(BasePage.java:105)
at utils.BasePage.waitForElement(BasePage.java:26)
at utils.BasePage.moveToElement(BasePage.java:105)
at utils.BasePage.waitForElement(BasePage.java:26)
at utils.BasePage.moveToElement(BasePage.java:105)
at utils.BasePage.waitForElement(BasePage.java:26)
at utils.BasePage.moveToElement(BasePage.java:105)
at utils.BasePage.waitForElement(BasePage.java:26)
at utils.BasePage.moveToElement(BasePage.java:105)
at utils.BasePage.waitForElement(BasePage.java:26)
at utils.BasePage.moveToElement(BasePage.java:105)
at utils.BasePage.waitForElement(BasePage.java:26)
at utils.BasePage.moveToElement(BasePage.java:105)
at utils.BasePage.waitForElement(BasePage.java:26)
at utils.BasePage.moveToElement(BasePage.java:105)
at utils.BasePage.waitForElement(BasePage.java:26)
at utils.BasePage.moveToElement(BasePage.java:105)
at utils.BasePage.waitForElement(BasePage.java:26)
at utils.BasePage.moveToElement(BasePage.java:105)
at utils.BasePage.waitForElement(BasePage.java:26)
at utils.BasePage.moveToElement(BasePage.java:105)
at utils.BasePage.waitForElement(BasePage.java:26)
at utils.BasePage.moveToElement(BasePage.java:105)
at utils.BasePage.waitForElement(BasePage.java:26)
at utils.BasePage.moveToElement(BasePage.java:105)
at utils.BasePage.waitForElement(BasePage.java:26)
at utils.BasePage.moveToElement(BasePage.java:105)
at utils.BasePage.waitForElement(BasePage.java:26)
at utils.BasePage.moveToElement(BasePage.java:105)
at utils.BasePage.waitForElement(BasePage.java:26)
at utils.BasePage.moveToElement(BasePage.java:105)
at utils.BasePage.waitForElement(BasePage.java:26)
at utils.BasePage.moveToElement(BasePage.java:105)
at utils.BasePage.waitForElement(BasePage.java:26)
at utils.BasePage.moveToElement(BasePage.java:105)
at utils.BasePage.waitForElement(BasePage.java:26)
at utils.BasePage.moveToElement(BasePage.java:105)
at utils.BasePage.waitForElement(BasePage.java:26)
at utils.BasePage.moveToElement(BasePage.java:105)
at utils.BasePage.waitForElement(BasePage.java:26)
at utils.BasePage.moveToElement(BasePage.java:105)
at utils.BasePage.waitForElement(BasePage.java:26)
at utils.BasePage.moveToElement(BasePage.java:105)
at utils.BasePage.waitForElement(BasePage.java:26)
at utils.BasePage.moveToElement(BasePage.java:105)
at utils.BasePage.waitForElement(BasePage.java:26)
at utils.BasePage.moveToElement(BasePage.java:105)
at utils.BasePage.waitForElement(BasePage.java:26)
at utils.BasePage.moveToElement(BasePage.java:105)
at utils.BasePage.waitForElement(BasePage.java:26)
at utils.BasePage.moveToElement(BasePage.java:105)
at utils.BasePage.waitForElement(BasePage.java:26)
at utils.BasePage.moveToElement(BasePage.java:105)
at utils.BasePage.waitForElement(BasePage.java:26)
at utils.BasePage.moveToElement(BasePage.java:105)
at utils.BasePage.waitForElement(BasePage.java:26)
at utils.BasePage.moveToElement(BasePage.java:105)
at utils.BasePage.waitForElement(BasePage.java:26)
at utils.BasePage.moveToElement(BasePage.java:105)
at utils.BasePage.waitForElement(BasePage.java:26)
at utils.BasePage.moveToElement(BasePage.java:105)
at utils.BasePage.waitForElement(BasePage.java:26)
at utils.BasePage.moveToElement(BasePage.java:105)
at utils.BasePage.waitForElement(BasePage.java:26)
at utils.BasePage.moveToElement(BasePage.java:105)
at utils.BasePage.waitForElement(BasePage.java:26)
at utils.BasePage.moveToElement(BasePage.java:105)
at utils.BasePage.waitForElement(BasePage.java:26)
at utils.BasePage.moveToElement(BasePage.java:105)
at utils.BasePage.waitForElement(BasePage.java:26)
at utils.BasePage.moveToElement(BasePage.java:105)
at utils.BasePage.waitForElement(BasePage.java:26)
at utils.BasePage.moveToElement(BasePage.java:105)
at utils.BasePage.waitForElement(BasePage.java:26)
at utils.BasePage.moveToElement(BasePage.java:105)
at utils.BasePage.waitForElement(BasePage.java:26)
at utils.BasePage.moveToElement(BasePage.java:105)
at utils.BasePage.waitForElement(BasePage.java:26)
at utils.BasePage.moveToElement(BasePage.java:105)
at utils.BasePage.waitForElement(BasePage.java:26)
at utils.BasePage.moveToElement(BasePage.java:105)
at utils.BasePage.waitForElement(BasePage.java:26)
at utils.BasePage.moveToElement(BasePage.java:105)
at utils.BasePage.waitForElement(BasePage.java:26)
at utils.BasePage.moveToElement(BasePage.java:105)
at utils.BasePage.waitForElement(BasePage.java:26)
at utils.BasePage.moveToElement(BasePage.java:105)
at utils.BasePage.waitForElement(BasePage.java:26)
at utils.BasePage.moveToElement(BasePage.java:105)
at utils.BasePage.waitForElement(BasePage.java:26)
at utils.BasePage.moveToElement(BasePage.java:105)
at utils.BasePage.waitForElement(BasePage.java:26)
at utils.BasePage.moveToElement(BasePage.java:105)
at utils.BasePage.waitForElement(BasePage.java:26)
at utils.BasePage.moveToElement(BasePage.java:105)
at utils.BasePage.waitForElement(BasePage.java:26)
at utils.BasePage.moveToElement(BasePage.java:105)
at utils.BasePage.waitForElement(BasePage.java:26)
at utils.BasePage.moveToElement(BasePage.java:105)
at utils.BasePage.waitForElement(BasePage.java:26)
at utils.BasePage.moveToElement(BasePage.java:105)
at utils.BasePage.waitForElement(BasePage.java:26)
at utils.BasePage.moveToElement(BasePage.java:105)
at utils.BasePage.waitForElement(BasePage.java:26)
at utils.BasePage.moveToElement(BasePage.java:105)
at utils.BasePage.waitForElement(BasePage.java:26)
at utils.BasePage.moveToElement(BasePage.java:105)
at utils.BasePage.waitForElement(BasePage.java:26)
at utils.BasePage.moveToElement(BasePage.java:105)
at utils.BasePage.waitForElement(BasePage.java:26)
at utils.BasePage.moveToElement(BasePage.java:105)
at utils.BasePage.waitForElement(BasePage.java:26)
at utils.BasePage.moveToElement(BasePage.java:105)
at utils.BasePage.waitForElement(BasePage.java:26)
at utils.BasePage.moveToElement(BasePage.java:105)
at utils.BasePage.waitForElement(BasePage.java:26)
at utils.BasePage.moveToElement(BasePage.java:105)
at utils.BasePage.waitForElement(BasePage.java:26)
at utils.BasePage.moveToElement(BasePage.java:105)
at utils.BasePage.waitForElement(BasePage.java:26)
at utils.BasePage.moveToElement(BasePage.java:105)
at utils.BasePage.waitForElement(BasePage.java:26)
at utils.BasePage.moveToElement(BasePage.java:105)
at utils.BasePage.waitForElement(BasePage.java:26)
at utils.BasePage.moveToElement(BasePage.java:105)
at utils.BasePage.waitForElement(BasePage.java:26)
at utils.BasePage.moveToElement(BasePage.java:105)
at utils.BasePage.waitForElement(BasePage.java:26)
at utils.BasePage.moveToElement(BasePage.java:105)
at utils.BasePage.waitForElement(BasePage.java:26)
at utils.BasePage.moveToElement(BasePage.java:105)
at utils.BasePage.waitForElement(BasePage.java:26)
at utils.BasePage.moveToElement(BasePage.java:105)
at utils.BasePage.waitForElement(BasePage.java:26)
at utils.BasePage.moveToElement(BasePage.java:105)
at utils.BasePage.waitForElement(BasePage.java:26)
at utils.BasePage.moveToElement(BasePage.java:105)
at utils.BasePage.waitForElement(BasePage.java:26)
at utils.BasePage.moveToElement(BasePage.java:105)
at utils.BasePage.waitForElement(BasePage.java:26)
at utils.BasePage.moveToElement(BasePage.java:105)
at utils.BasePage.waitForElement(BasePage.java:26)
at utils.BasePage.moveToElement(BasePage.java:105)
at utils.BasePage.waitForElement(BasePage.java:26)
at utils.BasePage.moveToElement(BasePage.java:105)
at utils.BasePage.waitForElement(BasePage.java:26)
at utils.BasePage.moveToElement(BasePage.java:105)
at utils.BasePage.waitForElement(BasePage.java:26)
at utils.BasePage.moveToElement(BasePage.java:105)
at utils.BasePage.waitForElement(BasePage.java:26)
at utils.BasePage.moveToElement(BasePage.java:105)
at utils.BasePage.waitForElement(BasePage.java:26)
at utils.BasePage.moveToElement(BasePage.java:105)
at utils.BasePage.waitForElement(BasePage.java:26)
at utils.BasePage.moveToElement(BasePage.java:105)
at utils.BasePage.waitForElement(BasePage.java:26)
at utils.BasePage.moveToElement(BasePage.java:105)
at utils.BasePage.waitForElement(BasePage.java:26)
at utils.BasePage.moveToElement(BasePage.java:105)
at utils.BasePage.waitForElement(BasePage.java:26)
at utils.BasePage.moveToElement(BasePage.java:105)
at utils.BasePage.waitForElement(BasePage.java:26)
at utils.BasePage.moveToElement(BasePage.java:105)
at utils.BasePage.waitForElement(BasePage.java:26)
at utils.BasePage.moveToElement(BasePage.java:105)
at utils.BasePage.waitForElement(BasePage.java:26)
at utils.BasePage.moveToElement(BasePage.java:105)
at utils.BasePage.waitForElement(BasePage.java:26)
at utils.BasePage.moveToElement(BasePage.java:105)
at utils.BasePage.waitForElement(BasePage.java:26)
at utils.BasePage.moveToElement(BasePage.java:105)
at utils.BasePage.waitForElement(BasePage.java:26)
at utils.BasePage.moveToElement(BasePage.java:105)
at utils.BasePage.waitForElement(BasePage.java:26)
at utils.BasePage.moveToElement(BasePage.java:105)
at utils.BasePage.waitForElement(BasePage.java:26)
at utils.BasePage.moveToElement(BasePage.java:105)
at utils.BasePage.waitForElement(BasePage.java:26)
at utils.BasePage.moveToElement(BasePage.java:105)
at utils.BasePage.waitForElement(BasePage.java:26)
at utils.BasePage.moveToElement(BasePage.java:105)
at utils.BasePage.waitForElement(BasePage.java:26)
at utils.BasePage.moveToElement(BasePage.java:105)
at utils.BasePage.waitForElement(BasePage.java:26)
at utils.BasePage.moveToElement(BasePage.java:105)
at utils.BasePage.waitForElement(BasePage.java:26)
at utils.BasePage.moveToElement(BasePage.java:105)
at utils.BasePage.waitForElement(BasePage.java:26)
at utils.BasePage.moveToElement(BasePage.java:105)
at utils.BasePage.waitForElement(BasePage.java:26)
at utils.BasePage.moveToElement(BasePage.java:105)
at utils.BasePage.waitForElement(BasePage.java:26)
at utils.BasePage.moveToElement(BasePage.java:105)
at utils.BasePage.waitForElement(BasePage.java:26)
at utils.BasePage.moveToElement(BasePage.java:105)
at utils.BasePage.waitForElement(BasePage.java:26)
at utils.BasePage.moveToElement(BasePage.java:105)
at utils.BasePage.waitForElement(BasePage.java:26)
at utils.BasePage.moveToElement(BasePage.java:105)
at utils.BasePage.waitForElement(BasePage.java:26)
at utils.BasePage.moveToElement(BasePage.java:105)
at utils.BasePage.waitForElement(BasePage.java:26)
at utils.BasePage.moveToElement(BasePage.java:105)
at utils.BasePage.waitForElement(BasePage.java:26)
at utils.BasePage.moveToElement(BasePage.java:105)
at utils.BasePage.waitForElement(BasePage.java:26)
at utils.BasePage.moveToElement(BasePage.java:105)
at utils.BasePage.waitForElement(BasePage.java:26)
at utils.BasePage.moveToElement(BasePage.java:105)
at utils.BasePage.waitForElement(BasePage.java:26)
at utils.BasePage.moveToElement(BasePage.java:105)
at utils.BasePage.waitForElement(BasePage.java:26)
at utils.BasePage.moveToElement(BasePage.java:105)
at utils.BasePage.waitForElement(BasePage.java:26)
at utils.BasePage.moveToElement(BasePage.java:105)
at utils.BasePage.waitForElement(BasePage.java:26)
at utils.BasePage.moveToElement(BasePage.java:105)
at utils.BasePage.waitForElement(BasePage.java:26)
at utils.BasePage.moveToElement(BasePage.java:105)
at utils.BasePage.waitForElement(BasePage.java:26)
at utils.BasePage.moveToElement(BasePage.java:105)
at utils.BasePage.waitForElement(BasePage.java:26)
at utils.BasePage.moveToElement(BasePage.java:105)
at utils.BasePage.waitForElement(BasePage.java:26)
at utils.BasePage.moveToElement(BasePage.java:105)
at utils.BasePage.waitForElement(BasePage.java:26)
at utils.BasePage.moveToElement(BasePage.java:105)
at utils.BasePage.waitForElement(BasePage.java:26)
at utils.BasePage.moveToElement(BasePage.java:105)
at utils.BasePage.waitForElement(BasePage.java:26)
at utils.BasePage.moveToElement(BasePage.java:105)
at utils.BasePage.waitForElement(BasePage.java:26)
at utils.BasePage.moveToElement(BasePage.java:105)
at utils.BasePage.waitForElement(BasePage.java:26)
at utils.BasePage.moveToElement(BasePage.java:105)
at utils.BasePage.waitForElement(BasePage.java:26)
at utils.BasePage.moveToElement(BasePage.java:105)
at utils.BasePage.waitForElement(BasePage.java:26)
at utils.BasePage.moveToElement(BasePage.java:105)
at utils.BasePage.waitForElement(BasePage.java:26)
at utils.BasePage.moveToElement(BasePage.java:105)
at utils.BasePage.waitForElement(BasePage.java:26)
at utils.BasePage.moveToElement(BasePage.java:105)
at utils.BasePage.waitForElement(BasePage.java:26)
at utils.BasePage.moveToElement(BasePage.java:105)
at utils.BasePage.waitForElement(BasePage.java:26)
at utils.BasePage.moveToElement(BasePage.java:105)
at utils.BasePage.waitForElement(BasePage.java:26)
at utils.BasePage.moveToElement(BasePage.java:105)
at utils.BasePage.waitForElement(BasePage.java:26)
at utils.BasePage.moveToElement(BasePage.java:105)
at utils.BasePage.waitForElement(BasePage.java:26)
at utils.BasePage.moveToElement(BasePage.java:105)
at utils.BasePage.waitForElement(BasePage.java:26)
at utils.BasePage.moveToElement(BasePage.java:105)
at utils.BasePage.waitForElement(BasePage.java:26)
at utils.BasePage.moveToElement(BasePage.java:105)
at utils.BasePage.waitForElement(BasePage.java:26)
at utils.BasePage.moveToElement(BasePage.java:105)
at utils.BasePage.waitForElement(BasePage.java:26)
at utils.BasePage.moveToElement(BasePage.java:105)
at utils.BasePage.waitForElement(BasePage.java:26)
at utils.BasePage.moveToElement(BasePage.java:105)
at utils.BasePage.waitForElement(BasePage.java:26)
at utils.BasePage.moveToElement(BasePage.java:105)
at utils.BasePage.waitForElement(BasePage.java:26)
at utils.BasePage.moveToElement(BasePage.java:105)
at utils.BasePage.waitForElement(BasePage.java:26)
at utils.BasePage.moveToElement(BasePage.java:105)
at utils.BasePage.waitForElement(BasePage.java:26)
at utils.BasePage.moveToElement(BasePage.java:105)
at utils.BasePage.waitForElement(BasePage.java:26)
at utils.BasePage.moveToElement(BasePage.java:105)
at utils.BasePage.waitForElement(BasePage.java:26)
at utils.BasePage.moveToElement(BasePage.java:105)
at utils.BasePage.waitForElement(BasePage.java:26)
at utils.BasePage.moveToElement(BasePage.java:105)
at utils.BasePage.waitForElement(BasePage.java:26)
at utils.BasePage.moveToElement(BasePage.java:105)
at utils.BasePage.waitForElement(BasePage.java:26)
at utils.BasePage.moveToElement(BasePage.java:105)
at utils.BasePage.waitForElement(BasePage.java:26)
at utils.BasePage.moveToElement(BasePage.java:105)
at utils.BasePage.waitForElement(BasePage.java:26)
at utils.BasePage.moveToElement(BasePage.java:105)
at utils.BasePage.waitForElement(BasePage.java:26)
at utils.BasePage.moveToElement(BasePage.java:105)
at utils.BasePage.waitForElement(BasePage.java:26)
at utils.BasePage.moveToElement(BasePage.java:105)
at utils.BasePage.waitForElement(BasePage.java:26)
at utils.BasePage.moveToElement(BasePage.java:105)
at utils.BasePage.waitForElement(BasePage.java:26)
at utils.BasePage.moveToElement(BasePage.java:105)
at utils.BasePage.waitForElement(BasePage.java:26)
at utils.BasePage.moveToElement(BasePage.java:105)
at utils.BasePage.waitForElement(BasePage.java:26)
at utils.BasePage.moveToElement(BasePage.java:105)
at utils.BasePage.waitForElement(BasePage.java:26)
at utils.BasePage.moveToElement(BasePage.java:105)
at utils.BasePage.waitForElement(BasePage.java:26)
at utils.BasePage.moveToElement(BasePage.java:105)
at utils.BasePage.waitForElement(BasePage.java:26)
at utils.BasePage.moveToElement(BasePage.java:105)
at utils.BasePage.waitForElement(BasePage.java:26)
at utils.BasePage.moveToElement(BasePage.java:105)
at utils.BasePage.waitForElement(BasePage.java:26)
at utils.BasePage.moveToElement(BasePage.java:105)
at utils.BasePage.waitForElement(BasePage.java:26)
at utils.BasePage.moveToElement(BasePage.java:105)
at utils.BasePage.waitForElement(BasePage.java:26)
at utils.BasePage.moveToElement(BasePage.java:105)
at utils.BasePage.waitForElement(BasePage.java:26)
at utils.BasePage.moveToElement(BasePage.java:105)
at utils.BasePage.waitForElement(BasePage.java:26)
at utils.BasePage.moveToElement(BasePage.java:105)
at utils.BasePage.waitForElement(BasePage.java:26)
at utils.BasePage.moveToElement(BasePage.java:105)
at utils.BasePage.waitForElement(BasePage.java:26)
at utils.BasePage.moveToElement(BasePage.java:105)
at utils.BasePage.waitForElement(BasePage.java:26)
at utils.BasePage.moveToElement(BasePage.java:105)
at utils.BasePage.waitForElement(BasePage.java:26)
at utils.BasePage.moveToElement(BasePage.java:105)
at utils.BasePage.waitForElement(BasePage.java:26)
at utils.BasePage.moveToElement(BasePage.java:105)
at utils.BasePage.waitForElement(BasePage.java:26)
at utils.BasePage.moveToElement(BasePage.java:105)
at utils.BasePage.waitForElement(BasePage.java:26)
at utils.BasePage.moveToElement(BasePage.java:105)
at utils.BasePage.waitForElement(BasePage.java:26)
at utils.BasePage.moveToElement(BasePage.java:105)
at utils.BasePage.waitForElement(BasePage.java:26)
at utils.BasePage.moveToElement(BasePage.java:105)
at utils.BasePage.waitForElement(BasePage.java:26)
at utils.BasePage.moveToElement(BasePage.java:105)
at utils.BasePage.waitForElement(BasePage.java:26)
at utils.BasePage.moveToElement(BasePage.java:105)
at utils.BasePage.waitForElement(BasePage.java:26)
at utils.BasePage.moveToElement(BasePage.java:105)
at utils.BasePage.waitForElement(BasePage.java:26)
at utils.BasePage.moveToElement(BasePage.java:105)
at utils.BasePage.waitForElement(BasePage.java:26)
at utils.BasePage.moveToElement(BasePage.java:105)
at utils.BasePage.waitForElement(BasePage.java:26)
at utils.BasePage.moveToElement(BasePage.java:105)
at utils.BasePage.waitForElement(BasePage.java:26)
at utils.BasePage.moveToElement(BasePage.java:105)
at utils.BasePage.waitForElement(BasePage.java:26)
at utils.BasePage.moveToElement(BasePage.java:105)
at utils.BasePage.waitForElement(BasePage.java:26)
at utils.BasePage.moveToElement(BasePage.java:105)
at utils.BasePage.waitForElement(BasePage.java:26)
at utils.BasePage.moveToElement(BasePage.java:105)
at utils.BasePage.waitForElement(BasePage.java:26)
at utils.BasePage.moveToElement(BasePage.java:105)
at utils.BasePage.waitForElement(BasePage.java:26)
at utils.BasePage.moveToElement(BasePage.java:105)
at utils.BasePage.waitForElement(BasePage.java:26)
at utils.BasePage.moveToElement(BasePage.java:105)
at utils.BasePage.waitForElement(BasePage.java:26)
at utils.BasePage.moveToElement(BasePage.java:105)
at utils.BasePage.waitForElement(BasePage.java:26)
at utils.BasePage.moveToElement(BasePage.java:105)
at utils.BasePage.waitForElement(BasePage.java:26)
at utils.BasePage.moveToElement(BasePage.java:105)
at utils.BasePage.waitForElement(BasePage.java:26)
at utils.BasePage.moveToElement(BasePage.java:105)
at utils.BasePage.waitForElement(BasePage.java:26)
at utils.BasePage.moveToElement(BasePage.java:105)
at utils.BasePage.waitForElement(BasePage.java:26)
at utils.BasePage.moveToElement(BasePage.java:105)
at utils.BasePage.waitForElement(BasePage.java:26)
at utils.BasePage.moveToElement(BasePage.java:105)
at utils.BasePage.waitForElement(BasePage.java:26)
at utils.BasePage.moveToElement(BasePage.java:105)
at utils.BasePage.waitForElement(BasePage.java:26)
at utils.BasePage.moveToElement(BasePage.java:105)
at utils.BasePage.waitForElement(BasePage.java:26)
at utils.BasePage.moveToElement(BasePage.java:105)
at utils.BasePage.waitForElement(BasePage.java:26)
at utils.BasePage.moveToElement(BasePage.java:105)
at utils.BasePage.waitForElement(BasePage.java:26)
at utils.BasePage.moveToElement(BasePage.java:105)
at utils.BasePage.waitForElement(BasePage.java:26)
at utils.BasePage.moveToElement(BasePage.java:105)
at utils.BasePage.waitForElement(BasePage.java:26)
at utils.BasePage.moveToElement(BasePage.java:105)
at utils.BasePage.waitForElement(BasePage.java:26)
at utils.BasePage.moveToElement(BasePage.java:105)
at utils.BasePage.waitForElement(BasePage.java:26)
at utils.BasePage.moveToElement(BasePage.java:105)
at utils.BasePage.waitForElement(BasePage.java:26)
at utils.BasePage.moveToElement(BasePage.java:105)
at utils.BasePage.waitForElement(BasePage.java:26)
at utils.BasePage.moveToElement(BasePage.java:105)
at utils.BasePage.waitForElement(BasePage.java:26)
at utils.BasePage.moveToElement(BasePage.java:105)
at utils.BasePage.waitForElement(BasePage.java:26)
at utils.BasePage.moveToElement(BasePage.java:105)
at utils.BasePage.waitForElement(BasePage.java:26)
at utils.BasePage.moveToElement(BasePage.java:105)
at utils.BasePage.waitForElement(BasePage.java:26)
at utils.BasePage.moveToElement(BasePage.java:105)
at utils.BasePage.waitForElement(BasePage.java:26)
at utils.BasePage.moveToElement(BasePage.java:105)
at utils.BasePage.waitForElement(BasePage.java:26)
at utils.BasePage.moveToElement(BasePage.java:105)
at utils.BasePage.waitForElement(BasePage.java:26)
at utils.BasePage.moveToElement(BasePage.java:105)
at utils.BasePage.waitForElement(BasePage.java:26)
at utils.BasePage.moveToElement(BasePage.java:105)
at utils.BasePage.waitForElement(BasePage.java:26)
at utils.BasePage.moveToElement(BasePage.java:105)
at utils.BasePage.waitForElement(BasePage.java:26)
at utils.BasePage.moveToElement(BasePage.java:105)
at utils.BasePage.waitForElement(BasePage.java:26)
at utils.BasePage.moveToElement(BasePage.java:105)
at utils.BasePage.waitForElement(BasePage.java:26)
at utils.BasePage.moveToElement(BasePage.java:105)
at utils.BasePage.waitForElement(BasePage.java:26)
at utils.BasePage.moveToElement(BasePage.java:105)
at utils.BasePage.waitForElement(BasePage.java:26)
at utils.BasePage.moveToElement(BasePage.java:105)
at utils.BasePage.waitForElement(BasePage.java:26)
at utils.BasePage.moveToElement(BasePage.java:105)
at utils.BasePage.waitForElement(BasePage.java:26)
at utils.BasePage.moveToElement(BasePage.java:105)
at utils.BasePage.waitForElement(BasePage.java:26)
at utils.BasePage.moveToElement(BasePage.java:105)
at utils.BasePage.waitForElement(BasePage.java:26)
at utils.BasePage.moveToElement(BasePage.java:105)
at utils.BasePage.waitForElement(BasePage.java:26)
at utils.BasePage.moveToElement(BasePage.java:105)
at utils.BasePage.waitForElement(BasePage.java:26)
at utils.BasePage.moveToElement(BasePage.java:105)
at utils.BasePage.waitForElement(BasePage.java:26)
at utils.BasePage.moveToElement(BasePage.java:105)
at utils.BasePage.waitForElement(BasePage.java:26)
at utils.BasePage.moveToElement(BasePage.java:105)
at utils.BasePage.waitForElement(BasePage.java:26)
at utils.BasePage.moveToElement(BasePage.java:105)
at utils.BasePage.waitForElement(BasePage.java:26)
at utils.BasePage.moveToElement(BasePage.java:105)
at utils.BasePage.waitForElement(BasePage.java:26)
at utils.BasePage.moveToElement(BasePage.java:105)
at utils.BasePage.waitForElement(BasePage.java:26)
at utils.BasePage.moveToElement(BasePage.java:105)
at utils.BasePage.waitForElement(BasePage.java:26)
at utils.BasePage.moveToElement(BasePage.java:105)
at utils.BasePage.waitForElement(BasePage.java:26)
at utils.BasePage.moveToElement(BasePage.java:105)
at utils.BasePage.waitForElement(BasePage.java:26)
at utils.BasePage.moveToElement(BasePage.java:105)
at utils.BasePage.waitForElement(BasePage.java:26)
at utils.BasePage.moveToElement(BasePage.java:105)
at utils.BasePage.waitForElement(BasePage.java:26)
at utils.BasePage.moveToElement(BasePage.java:105)
at utils.BasePage.waitForElement(BasePage.java:26)
at utils.BasePage.moveToElement(BasePage.java:105)
at utils.BasePage.waitForElement(BasePage.java:26)
at utils.BasePage.moveToElement(BasePage.java:105)
at utils.BasePage.waitForElement(BasePage.java:26)
at utils.BasePage.moveToElement(BasePage.java:105)
at utils.BasePage.waitForElement(BasePage.java:26)
at utils.BasePage.moveToElement(BasePage.java:105)
at utils.BasePage.waitForElement(BasePage.java:26)
at utils.BasePage.moveToElement(BasePage.java:105)
at utils.BasePage.waitForElement(BasePage.java:26)
at utils.BasePage.moveToElement(BasePage.java:105)
at utils.BasePage.waitForElement(BasePage.java:26)
at utils.BasePage.moveToElement(BasePage.java:105)
at utils.BasePage.waitForElement(BasePage.java:26)
at utils.BasePage.moveToElement(BasePage.java:105)
at utils.BasePage.waitForElement(BasePage.java:26)
at utils.BasePage.moveToElement(BasePage.java:105)
at utils.BasePage.waitForElement(BasePage.java:26)
at utils.BasePage.moveToElement(BasePage.java:105)
at utils.BasePage.waitForElement(BasePage.java:26)
at utils.BasePage.moveToElement(BasePage.java:105)
at utils.BasePage.waitForElement(BasePage.java:26)
at utils.BasePage.moveToElement(BasePage.java:105)
at utils.BasePage.waitForElement(BasePage.java:26)
at utils.BasePage.moveToElement(BasePage.java:105)
at utils.BasePage.waitForElement(BasePage.java:26)
at utils.BasePage.moveToElement(BasePage.java:105)
at utils.BasePage.waitForElement(BasePage.java:26)
at utils.BasePage.moveToElement(BasePage.java:105)
at utils.BasePage.waitForElement(BasePage.java:26)
at utils.BasePage.moveToElement(BasePage.java:105)
at utils.BasePage.waitForElement(BasePage.java:26)
at utils.BasePage.moveToElement(BasePage.java:105)
at utils.BasePage.waitForElement(BasePage.java:26)
at utils.BasePage.moveToElement(BasePage.java:105)
at utils.BasePage.waitForElement(BasePage.java:26)
at utils.BasePage.moveToElement(BasePage.java:105)
at utils.BasePage.waitForElement(BasePage.java:26)
at utils.BasePage.moveToElement(BasePage.java:105)
at utils.BasePage.waitForElement(BasePage.java:26)
at utils.BasePage.moveToElement(BasePage.java:105)
at utils.BasePage.waitForElement(BasePage.java:26)
at utils.BasePage.moveToElement(BasePage.java:105)
at utils.BasePage.waitForElement(BasePage.java:26)
at utils.BasePage.moveToElement(BasePage.java:105)
at utils.BasePage.waitForElement(BasePage.java:26)
at utils.BasePage.moveToElement(BasePage.java:105)
at utils.BasePage.waitForElement(BasePage.java:26)
at utils.BasePage.moveToElement(BasePage.java:105)
at utils.BasePage.waitForElement(BasePage.java:26)
at utils.BasePage.moveToElement(BasePage.java:105)
at utils.BasePage.waitForElement(BasePage.java:26)
at utils.BasePage.moveToElement(BasePage.java:105)
at utils.BasePage.waitForElement(BasePage.java:26)
at utils.BasePage.moveToElement(BasePage.java:105)
at utils.BasePage.waitForElement(BasePage.java:26)
at utils.BasePage.moveToElement(BasePage.java:105)
at utils.BasePage.waitForElement(BasePage.java:26)
at utils.BasePage.moveToElement(BasePage.java:105)
at utils.BasePage.waitForElement(BasePage.java:26)
at utils.BasePage.moveToElement(BasePage.java:105)
at utils.BasePage.waitForElement(BasePage.java:26)
at utils.BasePage.moveToElement(BasePage.java:105)
at utils.BasePage.waitForElement(BasePage.java:26)
at utils.BasePage.moveToElement(BasePage.java:105)
at utils.BasePage.waitForElement(BasePage.java:26)
at utils.BasePage.moveToElement(BasePage.java:105)
at utils.BasePage.waitForElement(BasePage.java:26)
at utils.BasePage.moveToElement(BasePage.java:105)
at utils.BasePage.waitForElement(BasePage.java:26)
at utils.BasePage.moveToElement(BasePage.java:105)
at utils.BasePage.waitForElement(BasePage.java:26)
at utils.BasePage.moveToElement(BasePage.java:105)
at utils.BasePage.waitForElement(BasePage.java:26)
at utils.BasePage.moveToElement(BasePage.java:105)
at utils.BasePage.waitForElement(BasePage.java:26)
at utils.BasePage.moveToElement(BasePage.java:105)
at utils.BasePage.waitForElement(BasePage.java:26)
at utils.BasePage.moveToElement(BasePage.java:105)
at utils.BasePage.waitForElement(BasePage.java:26)
at utils.BasePage.moveToElement(BasePage.java:105)
at utils.BasePage.waitForElement(BasePage.java:26)
at utils.BasePage.moveToElement(BasePage.java:105)
at utils.BasePage.waitForElement(BasePage.java:26)
at utils.BasePage.moveToElement(BasePage.java:105)
at utils.BasePage.waitForElement(BasePage.java:26)
at utils.BasePage.moveToElement(BasePage.java:105)
at utils.BasePage.waitForElement(BasePage.java:26)
at utils.BasePage.moveToElement(BasePage.java:105)
at utils.BasePage.waitForElement(BasePage.java:26)
at utils.BasePage.moveToElement(BasePage.java:105)
at utils.BasePage.waitForElement(BasePage.java:26)
at utils.BasePage.moveToElement(BasePage.java:105)
at utils.BasePage.waitForElement(BasePage.java:26)
at utils.BasePage.moveToElement(BasePage.java:105)
at utils.BasePage.waitForElement(BasePage.java:26)
at utils.BasePage.moveToElement(BasePage.java:105)
at utils.BasePage.waitForElement(BasePage.java:26)
at utils.BasePage.moveToElement(BasePage.java:105)
at utils.BasePage.waitForElement(BasePage.java:26)
at utils.BasePage.moveToElement(BasePage.java:105)
at utils.BasePage.waitForElement(BasePage.java:26)
at utils.BasePage.moveToElement(BasePage.java:105)
at utils.BasePage.waitForElement(BasePage.java:26)
at utils.BasePage.moveToElement(BasePage.java:105)
at utils.BasePage.waitForElement(BasePage.java:26)
at utils.BasePage.moveToElement(BasePage.java:105)
at utils.BasePage.waitForElement(BasePage.java:26)
at utils.BasePage.moveToElement(BasePage.java:105)
at utils.BasePage.waitForElement(BasePage.java:26)
at utils.BasePage.moveToElement(BasePage.java:105)
at utils.BasePage.waitForElement(BasePage.java:26)
at utils.BasePage.moveToElement(BasePage.java:105)
at utils.BasePage.waitForElement(BasePage.java:26)
at utils.BasePage.moveToElement(BasePage.java:105)
at utils.BasePage.waitForElement(BasePage.java:26)
at utils.BasePage.moveToElement(BasePage.java:105)
at utils.BasePage.waitForElement(BasePage.java:26)
at utils.BasePage.moveToElement(BasePage.java:105)
at utils.BasePage.waitForElement(BasePage.java:26)
at utils.BasePage.moveToElement(BasePage.java:105)
at utils.BasePage.waitForElement(BasePage.java:26)
at utils.BasePage.moveToElement(BasePage.java:105)
at utils.BasePage.waitForElement(BasePage.java:26)
at utils.BasePage.moveToElement(BasePage.java:105)
at utils.BasePage.waitForElement(BasePage.java:26)
at utils.BasePage.moveToElement(BasePage.java:105)
at utils.BasePage.waitForElement(BasePage.java:26)
at utils.BasePage.moveToElement(BasePage.java:105)
at utils.BasePage.waitForElement(BasePage.java:26)
at utils.BasePage.moveToElement(BasePage.java:105)
at utils.BasePage.waitForElement(BasePage.java:26)
at utils.BasePage.moveToElement(BasePage.java:105)
at utils.BasePage.waitForElement(BasePage.java:26)
at utils.BasePage.moveToElement(BasePage.java:105)
at utils.BasePage.waitForElement(BasePage.java:26)
at utils.BasePage.moveToElement(BasePage.java:105)
at utils.BasePage.waitForElement(BasePage.java:26)
at utils.BasePage.moveToElement(BasePage.java:105)
at utils.BasePage.waitForElement(BasePage.java:26)
at utils.BasePage.moveToElement(BasePage.java:105)
at utils.BasePage.waitForElement(BasePage.java:26)
at utils.BasePage.moveToElement(BasePage.java:105)
at utils.BasePage.waitForElement(BasePage.java:26)
at utils.BasePage.moveToElement(BasePage.java:105)
at utils.BasePage.waitForElement(BasePage.java:26)
at utils.BasePage.moveToElement(BasePage.java:105)
at utils.BasePage.waitForElement(BasePage.java:26)
at utils.BasePage.moveToElement(BasePage.java:105)
at utils.BasePage.waitForElement(BasePage.java:26)
at utils.BasePage.moveToElement(BasePage.java:105)
at utils.BasePage.waitForElement(BasePage.java:26)
at utils.BasePage.moveToElement(BasePage.java:105)
at utils.BasePage.waitForElement(BasePage.java:26)
at utils.BasePage.moveToElement(BasePage.java:105)
at utils.BasePage.waitForElement(BasePage.java:26)
at utils.BasePage.moveToElement(BasePage.java:105)
at utils.BasePage.waitForElement(BasePage.java:26)
at utils.BasePage.moveToElement(BasePage.java:105)
at utils.BasePage.waitForElement(BasePage.java:26)
at utils.BasePage.moveToElement(BasePage.java:105)
at utils.BasePage.waitForElement(BasePage.java:26)
at utils.BasePage.moveToElement(BasePage.java:105)
at utils.BasePage.waitForElement(BasePage.java:26)
at utils.BasePage.moveToElement(BasePage.java:105)
at utils.BasePage.waitForElement(BasePage.java:26)
at utils.BasePage.moveToElement(BasePage.java:105)
at utils.BasePage.waitForElement(BasePage.java:26)
at utils.BasePage.moveToElement(BasePage.java:105)
at utils.BasePage.waitForElement(BasePage.java:26)
at utils.BasePage.moveToElement(BasePage.java:105)
at utils.BasePage.waitForElement(BasePage.java:26)
at utils.BasePage.moveToElement(BasePage.java:105)
at utils.BasePage.waitForElement(BasePage.java:26)
at utils.BasePage.moveToElement(BasePage.java:105)
at utils.BasePage.waitForElement(BasePage.java:26)
at utils.BasePage.moveToElement(BasePage.java:105)
at utils.BasePage.waitForElement(BasePage.java:26)
at utils.BasePage.moveToElement(BasePage.java:105)
at utils.BasePage.waitForElement(BasePage.java:26)
at utils.BasePage.moveToElement(BasePage.java:105)
at utils.BasePage.waitForElement(BasePage.java:26)
at utils.BasePage.moveToElement(BasePage.java:105)
at utils.BasePage.waitForElement(BasePage.java:26)
at utils.BasePage.moveToElement(BasePage.java:105)
at utils.BasePage.waitForElement(BasePage.java:26)
at utils.BasePage.moveToElement(BasePage.java:105)
at utils.BasePage.waitForElement(BasePage.java:26)
at utils.BasePage.moveToElement(BasePage.java:105)
at utils.BasePage.waitForElement(BasePage.java:26)
at utils.BasePage.moveToElement(BasePage.java:105)
at utils.BasePage.waitForElement(BasePage.java:26)
at utils.BasePage.moveToElement(BasePage.java:105)
at utils.BasePage.waitForElement(BasePage.java:26)
at utils.BasePage.moveToElement(BasePage.java:105)
at utils.BasePage.waitForElement(BasePage.java:26)
at utils.BasePage.moveToElement(BasePage.java:105)
at utils.BasePage.waitForElement(BasePage.java:26)
at utils.BasePage.moveToElement(BasePage.java:105)
at utils.BasePage.waitForElement(BasePage.java:26)
at utils.BasePage.moveToElement(BasePage.java:105)
at utils.BasePage.waitForElement(BasePage.java:26)
at utils.BasePage.moveToElement(BasePage.java:105)
at utils.BasePage.waitForElement(BasePage.java:26)
at utils.BasePage.moveToElement(BasePage.java:105)
at utils.BasePage.waitForElement(BasePage.java:26)
at utils.BasePage.moveToElement(BasePage.java:105)
at utils.BasePage.waitForElement(BasePage.java:26)
at utils.BasePage.moveToElement(BasePage.java:105)
at utils.BasePage.waitForElement(BasePage.java:26)
at utils.BasePage.moveToElement(BasePage.java:105)
at utils.BasePage.waitForElement(BasePage.java:26)
at utils.BasePage.moveToElement(BasePage.java:105)
at utils.BasePage.waitForElement(BasePage.java:26)
at utils.BasePage.moveToElement(BasePage.java:105)
at utils.BasePage.waitForElement(BasePage.java:26)
at utils.BasePage.moveToElement(BasePage.java:105)
at utils.BasePage.waitForElement(BasePage.java:26)
at utils.BasePage.moveToElement(BasePage.java:105)
at utils.BasePage.waitForElement(BasePage.java:26)
at utils.BasePage.moveToElement(BasePage.java:105)
at utils.BasePage.waitForElement(BasePage.java:26)
at utils.BasePage.moveToElement(BasePage.java:105)
at utils.BasePage.waitForElement(BasePage.java:26)
at utils.BasePage.moveToElement(BasePage.java:105)
at utils.BasePage.waitForElement(BasePage.java:26)
at utils.BasePage.moveToElement(BasePage.java:105)
at utils.BasePage.waitForElement(BasePage.java:26)
at utils.BasePage.moveToElement(BasePage.java:105)
at utils.BasePage.waitForElement(BasePage.java:26)
at utils.BasePage.moveToElement(BasePage.java:105)
at utils.BasePage.waitForElement(BasePage.java:26)
at utils.BasePage.moveToElement(BasePage.java:105)
at utils.BasePage.waitForElement(BasePage.java:26)
at utils.BasePage.moveToElement(BasePage.java:105)
at utils.BasePage.waitForElement(BasePage.java:26)
at utils.BasePage.moveToElement(BasePage.java:105)
at utils.BasePage.waitForElement(BasePage.java:26)
at utils.BasePage.moveToElement(BasePage.java:105)
at utils.BasePage.waitForElement(BasePage.java:26)
at utils.BasePage.moveToElement(BasePage.java:105)
at utils.BasePage.waitForElement(BasePage.java:26)
at utils.BasePage.moveToElement(BasePage.java:105)
at utils.BasePage.waitForElement(BasePage.java:26)
at utils.BasePage.moveToElement(BasePage.java:105)
at utils.BasePage.waitForElement(BasePage.java:26)
at utils.BasePage.moveToElement(BasePage.java:105)
at utils.BasePage.waitForElement(BasePage.java:26)
at utils.BasePage.moveToElement(BasePage.java:105)
at utils.BasePage.waitForElement(BasePage.java:26)
at utils.BasePage.moveToElement(BasePage.java:105)
at utils.BasePage.waitForElement(BasePage.java:26)
at utils.BasePage.moveToElement(BasePage.java:105)
at utils.BasePage.waitForElement(BasePage.java:26)
at utils.BasePage.moveToElement(BasePage.java:105)
at utils.BasePage.waitForElement(BasePage.java:26)
at utils.BasePage.moveToElement(BasePage.java:105)
at utils.BasePage.waitForElement(BasePage.java:26)
at utils.BasePage.moveToElement(BasePage.java:105)
at utils.BasePage.waitForElement(BasePage.java:26)
at utils.BasePage.moveToElement(BasePage.java:105)
at utils.BasePage.waitForElement(BasePage.java:26)
at utils.BasePage.moveToElement(BasePage.java:105)
at utils.BasePage.waitForElement(BasePage.java:26)
at utils.BasePage.moveToElement(BasePage.java:105)
at utils.BasePage.waitForElement(BasePage.java:26)
at utils.BasePage.moveToElement(BasePage.java:105)
at utils.BasePage.waitForElement(BasePage.java:26)
at utils.BasePage.moveToElement(BasePage.java:105)
at utils.BasePage.waitForElement(BasePage.java:26)
at utils.BasePage.moveToElement(BasePage.java:105)
at utils.BasePage.waitForElement(BasePage.java:26)
at utils.BasePage.moveToElement(BasePage.java:105)
at utils.BasePage.waitForElement(BasePage.java:26)
at utils.BasePage.moveToElement(BasePage.java:105)
at utils.BasePage.waitForElement(BasePage.java:26)
at utils.BasePage.moveToElement(BasePage.java:105)
at utils.BasePage.waitForElement(BasePage.java:26)
at utils.BasePage.moveToElement(BasePage.java:105)
at utils.BasePage.waitForElement(BasePage.java:26)
at utils.BasePage.moveToElement(BasePage.java:105)
at utils.BasePage.waitForElement(BasePage.java:26)
at utils.BasePage.moveToElement(BasePage.java:105)
at utils.BasePage.waitForElement(BasePage.java:26)
at utils.BasePage.moveToElement(BasePage.java:105)
at utils.BasePage.waitForElement(BasePage.java:26)
at utils.BasePage.moveToElement(BasePage.java:105)
at utils.BasePage.waitForElement(BasePage.java:26)
at utils.BasePage.moveToElement(BasePage.java:105)
at utils.BasePage.waitForElement(BasePage.java:26)
at utils.BasePage.moveToElement(BasePage.java:105)
at utils.BasePage.waitForElement(BasePage.java:26)
at utils.BasePage.moveToElement(BasePage.java:105)
at utils.BasePage.waitForElement(BasePage.java:26)
at utils.BasePage.moveToElement(BasePage.java:105)
at utils.BasePage.waitForElement(BasePage.java:26)
at utils.BasePage.moveToElement(BasePage.java:105)
at utils.BasePage.waitForElement(BasePage.java:26)
at utils.BasePage.moveToElement(BasePage.java:105)
at utils.BasePage.waitForElement(BasePage.java:26)
at utils.BasePage.moveToElement(BasePage.java:105)
at utils.BasePage.waitForElement(BasePage.java:26)
at utils.BasePage.moveToElement(BasePage.java:105)
at utils.BasePage.waitForElement(BasePage.java:26)
at utils.BasePage.moveToElement(BasePage.java:105)
at utils.BasePage.waitForElement(BasePage.java:26)
at utils.BasePage.moveToElement(BasePage.java:105)
at utils.BasePage.waitForElement(BasePage.java:26)
at utils.BasePage.moveToElement(BasePage.java:105)
at utils.BasePage.waitForElement(BasePage.java:26)
at utils.BasePage.moveToElement(BasePage.java:105)
at utils.BasePage.waitForElement(BasePage.java:26)
at utils.BasePage.moveToElement(BasePage.java:105)
at utils.BasePage.waitForElement(BasePage.java:26)
at utils.BasePage.moveToElement(BasePage.java:105)
at utils.BasePage.waitForElement(BasePage.java:26)
at utils.BasePage.moveToElement(BasePage.java:105)
at utils.BasePage.waitForElement(BasePage.java:26)
at utils.BasePage.moveToElement(BasePage.java:105)
at utils.BasePage.waitForElement(BasePage.java:26)
at utils.BasePage.moveToElement(BasePage.java:105)
at utils.BasePage.waitForElement(BasePage.java:26)
at utils.BasePage.moveToElement(BasePage.java:105)
at utils.BasePage.waitForElement(BasePage.java:26)
at utils.BasePage.moveToElement(BasePage.java:105)
at utils.BasePage.waitForElement(BasePage.java:26)
at utils.BasePage.moveToElement(BasePage.java:105)
at utils.BasePage.waitForElement(BasePage.java:26)
at utils.BasePage.moveToElement(BasePage.java:105)
at utils.BasePage.waitForElement(BasePage.java:26)
at utils.BasePage.moveToElement(BasePage.java:105)
at utils.BasePage.waitForElement(BasePage.java:26)
at utils.BasePage.moveToElement(BasePage.java:105)
at utils.BasePage.waitForElement(BasePage.java:26)
at utils.BasePage.moveToElement(BasePage.java:105)
at utils.BasePage.waitForElement(BasePage.java:26)
at utils.BasePage.moveToElement(BasePage.java:105)
at utils.BasePage.waitForElement(BasePage.java:26)
at utils.BasePage.moveToElement(BasePage.java:105)
at utils.BasePage.waitForElement(BasePage.java:26)
at utils.BasePage.moveToElement(BasePage.java:105)
at utils.BasePage.waitForElement(BasePage.java:26)
at utils.BasePage.moveToElement(BasePage.java:105)
at utils.BasePage.waitForElement(BasePage.java:26)
at utils.BasePage.moveToElement(BasePage.java:105)
at utils.BasePage.waitForElement(BasePage.java:26)
at utils.BasePage.moveToElement(BasePage.java:105)
at utils.BasePage.waitForElement(BasePage.java:26)
at utils.BasePage.moveToElement(BasePage.java:105)
at utils.BasePage.waitForElement(BasePage.java:26)
at utils.BasePage.moveToElement(BasePage.java:105)
at utils.BasePage.waitForElement(BasePage.java:26)
at utils.BasePage.moveToElement(BasePage.java:105)
at utils.BasePage.waitForElement(BasePage.java:26)
at utils.BasePage.moveToElement(BasePage.java:105)
at utils.BasePage.waitForElement(BasePage.java:26)
at utils.BasePage.moveToElement(BasePage.java:105)
at utils.BasePage.waitForElement(BasePage.java:26)
at utils.BasePage.moveToElement(BasePage.java:105)
at utils.BasePage.waitForElement(BasePage.java:26)
at utils.BasePage.moveToElement(BasePage.java:105)
at utils.BasePage.waitForElement(BasePage.java:26)
at utils.BasePage.moveToElement(BasePage.java:105)
at utils.BasePage.waitForElement(BasePage.java:26)
at utils.BasePage.moveToElement(BasePage.java:105)
at utils.BasePage.waitForElement(BasePage.java:26)
at utils.BasePage.moveToElement(BasePage.java:105)
at utils.BasePage.waitForElement(BasePage.java:26)
at utils.BasePage.moveToElement(BasePage.java:105)
at utils.BasePage.waitForElement(BasePage.java:26)
at utils.BasePage.moveToElement(BasePage.java:105)
at utils.BasePage.waitForElement(BasePage.java:26)
at utils.BasePage.moveToElement(BasePage.java:105)
at utils.BasePage.waitForElement(BasePage.java:26)
at utils.BasePage.moveToElement(BasePage.java:105)
at utils.BasePage.waitForElement(BasePage.java:26)
at utils.BasePage.moveToElement(BasePage.java:105)
at utils.BasePage.waitForElement(BasePage.java:26)
at utils.BasePage.moveToElement(BasePage.java:105)
at utils.BasePage.waitForElement(BasePage.java:26)
at utils.BasePage.moveToElement(BasePage.java:105)
at utils.BasePage.waitForElement(BasePage.java:26)
at utils.BasePage.moveToElement(BasePage.java:105)
at utils.BasePage.waitForElement(BasePage.java:26)
at utils.BasePage.moveToElement(BasePage.java:105)
at utils.BasePage.waitForElement(BasePage.java:26)
at utils.BasePage.moveToElement(BasePage.java:105)
at utils.BasePage.waitForElement(BasePage.java:26)
at utils.BasePage.moveToElement(BasePage.java:105)
at utils.BasePage.waitForElement(BasePage.java:26)
at utils.BasePage.moveToElement(BasePage.java:105)
at utils.BasePage.waitForElement(BasePage.java:26)
at utils.BasePage.moveToElement(BasePage.java:105)
at utils.BasePage.waitForElement(BasePage.java:26)
at utils.BasePage.moveToElement(BasePage.java:105)
at utils.BasePage.waitForElement(BasePage.java:26)
at utils.BasePage.moveToElement(BasePage.java:105)
at utils.BasePage.waitForElement(BasePage.java:26)
at utils.BasePage.moveToElement(BasePage.java:105)
at utils.BasePage.waitForElement(BasePage.java:26)
at utils.BasePage.moveToElement(BasePage.java:105)
at utils.BasePage.waitForElement(BasePage.java:26)
at utils.BasePage.moveToElement(BasePage.java:105)
at utils.BasePage.waitForElement(BasePage.java:26)
at utils.BasePage.moveToElement(BasePage.java:105)
at utils.BasePage.waitForElement(BasePage.java:26)
at utils.BasePage.moveToElement(BasePage.java:105)
at utils.BasePage.waitForElement(BasePage.java:26)
at utils.BasePage.moveToElement(BasePage.java:105)
at utils.BasePage.waitForElement(BasePage.java:26)
at utils.BasePage.moveToElement(BasePage.java:105)
at utils.BasePage.waitForElement(BasePage.java:26)
at utils.BasePage.moveToElement(BasePage.java:105)
at utils.BasePage.waitForElement(BasePage.java:26)
at utils.BasePage.moveToElement(BasePage.java:105)
at utils.BasePage.waitForElement(BasePage.java:26)
at utils.BasePage.moveToElement(BasePage.java:105)
at utils.BasePage.waitForElement(BasePage.java:26)
at utils.BasePage.moveToElement(BasePage.java:105)
at utils.BasePage.waitForElement(BasePage.java:26)
at utils.BasePage.moveToElement(BasePage.java:105)
at utils.BasePage.waitForElement(BasePage.java:26)
at utils.BasePage.moveToElement(BasePage.java:105)
at utils.BasePage.waitForElement(BasePage.java:26)
at utils.BasePage.moveToElement(BasePage.java:105)
at utils.BasePage.waitForElement(BasePage.java:26)
at utils.BasePage.moveToElement(BasePage.java:105)
at utils.BasePage.waitForElement(BasePage.java:26)
at utils.BasePage.moveToElement(BasePage.java:105)
at utils.BasePage.waitForElement(BasePage.java:26)
at utils.BasePage.moveToElement(BasePage.java:105)
at utils.BasePage.waitForElement(BasePage.java:26)
at utils.BasePage.moveToElement(BasePage.java:105)
at utils.BasePage.waitForElement(BasePage.java:26)
at utils.BasePage.moveToElement(BasePage.java:105)
at utils.BasePage.waitForElement(BasePage.java:26)
at utils.BasePage.moveToElement(BasePage.java:105)
at utils.BasePage.waitForElement(BasePage.java:26)
at utils.BasePage.moveToElement(BasePage.java:105)
at utils.BasePage.waitForElement(BasePage.java:26)
at utils.BasePage.moveToElement(BasePage.java:105)
at utils.BasePage.waitForElement(BasePage.java:26)
at utils.BasePage.moveToElement(BasePage.java:105)
at utils.BasePage.waitForElement(BasePage.java:26)
at utils.BasePage.moveToElement(BasePage.java:105)
at utils.BasePage.waitForElement(BasePage.java:26)
at utils.BasePage.moveToElement(BasePage.java:105)
at utils.BasePage.waitForElement(BasePage.java:26)
at utils.BasePage.moveToElement(BasePage.java:105)
at utils.BasePage.waitForElement(BasePage.java:26)
at utils.BasePage.moveToElement(BasePage.java:105)
at utils.BasePage.waitForElement(BasePage.java:26)
at utils.BasePage.moveToElement(BasePage.java:105)
at utils.BasePage.waitForElement(BasePage.java:26)
at utils.BasePage.moveToElement(BasePage.java:105)
at utils.BasePage.waitForElement(BasePage.java:26)
at utils.BasePage.moveToElement(BasePage.java:105)
at utils.BasePage.waitForElement(BasePage.java:26)
at utils.BasePage.moveToElement(BasePage.java:105)
at utils.BasePage.waitForElement(BasePage.java:26)
at utils.BasePage.moveToElement(BasePage.java:105)
at utils.BasePage.waitForElement(BasePage.java:26)
at utils.BasePage.moveToElement(BasePage.java:105)
at utils.BasePage.waitForElement(BasePage.java:26)
at utils.BasePage.moveToElement(BasePage.java:105)
at utils.BasePage.waitForElement(BasePage.java:26)
at utils.BasePage.moveToElement(BasePage.java:105)
at utils.BasePage.waitForElement(BasePage.java:26)
at utils.BasePage.moveToElement(BasePage.java:105)
at utils.BasePage.waitForElement(BasePage.java:26)
at utils.BasePage.moveToElement(BasePage.java:105)
at utils.BasePage.waitForElement(BasePage.java:26)
at utils.BasePage.moveToElement(BasePage.java:105)
at utils.BasePage.waitForElement(BasePage.java:26)
at utils.BasePage.moveToElement(BasePage.java:105)
at utils.BasePage.waitForElement(BasePage.java:26)
at utils.BasePage.moveToElement(BasePage.java:105)
at utils.BasePage.waitForElement(BasePage.java:26)
at utils.BasePage.moveToElement(BasePage.java:105)
at utils.BasePage.waitForElement(BasePage.java:26)
at utils.BasePage.moveToElement(BasePage.java:105)
at utils.BasePage.waitForElement(BasePage.java:26)
at utils.BasePage.moveToElement(BasePage.java:105)
at utils.BasePage.waitForElement(BasePage.java:26)
at utils.BasePage.moveToElement(BasePage.java:105)
at utils.BasePage.waitForElement(BasePage.java:26)
at utils.BasePage.moveToElement(BasePage.java:105)
at utils.BasePage.waitForElement(BasePage.java:26)
at utils.BasePage.moveToElement(BasePage.java:105)
at utils.BasePage.waitForElement(BasePage.java:26)
at utils.BasePage.moveToElement(BasePage.java:105)
at utils.BasePage.waitForElement(BasePage.java:26)
at utils.BasePage.moveToElement(BasePage.java:105)
at utils.BasePage.waitForElement(BasePage.java:26)
at utils.BasePage.moveToElement(BasePage.java:105)
at utils.BasePage.waitForElement(BasePage.java:26)
at utils.BasePage.moveToElement(BasePage.java:105)
at utils.BasePage.waitForElement(BasePage.java:26)
at utils.BasePage.moveToElement(BasePage.java:105)
at utils.BasePage.waitForElement(BasePage.java:26)
at utils.BasePage.moveToElement(BasePage.java:105)
at utils.BasePage.waitForElement(BasePage.java:26)
at utils.BasePage.moveToElement(BasePage.java:105)
at utils.BasePage.waitForElement(BasePage.java:26)
at utils.BasePage.moveToElement(BasePage.java:105)
at utils.BasePage.waitForElement(BasePage.java:26)
at utils.BasePage.moveToElement(BasePage.java:105)
at utils.BasePage.waitForElement(BasePage.java:26)
at utils.BasePage.moveToElement(BasePage.java:105)
at utils.BasePage.waitForElement(BasePage.java:26)
at utils.BasePage.moveToElement(BasePage.java:105)
at utils.BasePage.waitForElement(BasePage.java:26)
at utils.BasePage.moveToElement(BasePage.java:105)
at utils.BasePage.waitForElement(BasePage.java:26)
at utils.BasePage.moveToElement(BasePage.java:105)
at utils.BasePage.waitForElement(BasePage.java:26)
at utils.BasePage.moveToElement(BasePage.java:105)
at utils.BasePage.waitForElement(BasePage.java:26)
at utils.BasePage.moveToElement(BasePage.java:105)
at utils.BasePage.waitForElement(BasePage.java:26)
at utils.BasePage.moveToElement(BasePage.java:105)
at utils.BasePage.waitForElement(BasePage.java:26)
at utils.BasePage.moveToElement(BasePage.java:105)
at utils.BasePage.waitForElement(BasePage.java:26)
at utils.BasePage.moveToElement(BasePage.java:105)
at utils.BasePage.waitForElement(BasePage.java:26)
at utils.BasePage.moveToElement(BasePage.java:105)
at utils.BasePage.waitForElement(BasePage.java:26)
at utils.BasePage.moveToElement(BasePage.java:105)
at utils.BasePage.waitForElement(BasePage.java:26)
at utils.BasePage.moveToElement(BasePage.java:105)
at utils.BasePage.waitForElement(BasePage.java:26)
at utils.BasePage.moveToElement(BasePage.java:105)
at utils.BasePage.waitForElement(BasePage.java:26)
at utils.BasePage.moveToElement(BasePage.java:105)
at utils.BasePage.waitForElement(BasePage.java:26)
at utils.BasePage.moveToElement(BasePage.java:105)
at utils.BasePage.waitForElement(BasePage.java:26)
at utils.BasePage.moveToElement(BasePage.java:105)
at utils.BasePage.waitForElement(BasePage.java:26)
at utils.BasePage.moveToElement(BasePage.java:105)
at utils.BasePage.waitForElement(BasePage.java:26)
at utils.BasePage.moveToElement(BasePage.java:105)
at utils.BasePage.waitForElement(BasePage.java:26)
at utils.BasePage.moveToElement(BasePage.java:105)
at utils.BasePage.waitForElement(BasePage.java:26)
]]>
            </full-stacktrace>
          </exception> <!-- java.lang.StackOverflowError -->
          <reporter-output>
          </reporter-output>
        </test-method> <!-- register -->
        <test-method status="PASS" signature="getResult(org.testng.ITestResult)[pri:0, instance:tests.RegisterTest@7fac631b]" name="getResult" is-config="true" duration-ms="674" started-at="2020-02-05T17:35:47Z" finished-at="2020-02-05T17:35:47Z">
          <params>
            <param index="0">
              <value>
                <![CDATA[[TestResult name=register status=FAILURE method=RegisterTest.register()[pri:0, instance:tests.RegisterTest@7fac631b] output={null}]]]>
              </value>
            </param>
          </params>
          <reporter-output>
          </reporter-output>
        </test-method> <!-- getResult -->
        <test-method status="PASS" signature="TeardownTest()[pri:0, instance:tests.RegisterTest@7fac631b]" name="TeardownTest" is-config="true" duration-ms="1063" started-at="2020-02-05T17:35:47Z" finished-at="2020-02-05T17:35:49Z">
          <reporter-output>
          </reporter-output>
        </test-method> <!-- TeardownTest -->
      </class> <!-- tests.RegisterTest -->
    </test> <!-- Test -->
  </suite> <!-- TestSuite -->
</testng-results>
