<?xml version="1.0" encoding="UTF-8"?>
<testng-results skipped="0" failed="1" ignored="0" total="9" passed="8">
  <reporter-output>
  </reporter-output>
  <suite name="TestSuite" duration-ms="3195" started-at="2020-02-16T11:18:51Z" finished-at="2020-02-16T11:18:54Z">
    <groups>
      <group name="FullServiceScenario">
        <method signature="RegisterTest.register()[pri:0, instance:tests.RegisterTest@6e0e048a]" name="register" class="tests.RegisterTest"/>
        <method signature="AddToCartTest.addProductToCart()[pri:4, instance:serviceTests.AddToCartTest@67205a84]" name="addProductToCart" class="serviceTests.AddToCartTest"/>
        <method signature="AddToCartTest.deleteFromCart()[pri:7, instance:serviceTests.AddToCartTest@67205a84]" name="deleteFromCart" class="serviceTests.AddToCartTest"/>
        <method signature="AddToCartTest.getProductDetailsService()[pri:3, instance:serviceTests.AddToCartTest@67205a84]" name="getProductDetailsService" class="serviceTests.AddToCartTest"/>
        <method signature="AddToCartTest.oAuthTokenService()[pri:0, instance:serviceTests.AddToCartTest@67205a84]" name="oAuthTokenService" class="serviceTests.AddToCartTest"/>
        <method signature="AddToCartTest.reviewCart()[pri:5, instance:serviceTests.AddToCartTest@67205a84]" name="reviewCart" class="serviceTests.AddToCartTest"/>
        <method signature="AddToCartTest.searchSofaService()[pri:2, instance:serviceTests.AddToCartTest@67205a84]" name="searchSofaService" class="serviceTests.AddToCartTest"/>
        <method signature="AddToCartTest.signInUsingService()[pri:1, instance:serviceTests.AddToCartTest@67205a84]" name="signInUsingService" class="serviceTests.AddToCartTest"/>
        <method signature="AddToCartTest.updateCart()[pri:6, instance:serviceTests.AddToCartTest@67205a84]" name="updateCart" class="serviceTests.AddToCartTest"/>
      </group> <!-- FullServiceScenario -->
    </groups>
    <test name="test name FIRST" duration-ms="57" started-at="2020-02-16T11:18:51Z" finished-at="2020-02-16T11:18:51Z">
      <class name="tests.RegisterTest">
        <test-method status="FAIL" signature="register()[pri:0, instance:tests.RegisterTest@6e0e048a]" name="register" duration-ms="33" started-at="2020-02-16T11:18:51Z" description="Registering details" finished-at="2020-02-16T11:18:51Z">
          <exception class="java.lang.NullPointerException">
            <full-stacktrace>
              <![CDATA[java.lang.NullPointerException
at tests.RegisterTest.register(RegisterTest.java:19)
at sun.reflect.NativeMethodAccessorImpl.invoke0(Native Method)
at sun.reflect.NativeMethodAccessorImpl.invoke(Unknown Source)
at sun.reflect.DelegatingMethodAccessorImpl.invoke(Unknown Source)
at java.lang.reflect.Method.invoke(Unknown Source)
at org.testng.internal.MethodInvocationHelper.invokeMethod(MethodInvocationHelper.java:124)
at org.testng.internal.Invoker.invokeMethod(Invoker.java:583)
at org.testng.internal.Invoker.invokeTestMethod(Invoker.java:719)
at org.testng.internal.Invoker.invokeTestMethods(Invoker.java:989)
at org.testng.internal.TestMethodWorker.invokeTestMethods(TestMethodWorker.java:125)
at org.testng.internal.TestMethodWorker.run(TestMethodWorker.java:109)
at org.testng.TestRunner.privateRun(TestRunner.java:648)
at org.testng.TestRunner.run(TestRunner.java:505)
at org.testng.SuiteRunner.runTest(SuiteRunner.java:455)
at org.testng.SuiteRunner.access$000(SuiteRunner.java:40)
at org.testng.SuiteRunner$SuiteWorker.run(SuiteRunner.java:489)
at org.testng.internal.thread.ThreadUtil$1.call(ThreadUtil.java:52)
at java.util.concurrent.FutureTask.run(Unknown Source)
at java.util.concurrent.ThreadPoolExecutor.runWorker(Unknown Source)
at java.util.concurrent.ThreadPoolExecutor$Worker.run(Unknown Source)
at java.lang.Thread.run(Unknown Source)
]]>
            </full-stacktrace>
          </exception> <!-- java.lang.NullPointerException -->
          <reporter-output>
          </reporter-output>
        </test-method> <!-- register -->
        <test-method status="FAIL" signature="getResult(org.testng.ITestResult)[pri:0, instance:tests.RegisterTest@6e0e048a]" name="getResult" is-config="true" duration-ms="1" started-at="2020-02-16T11:18:51Z" finished-at="2020-02-16T11:18:51Z">
          <params>
            <param index="0">
              <value>
                <![CDATA[[TestResult name=register status=FAILURE method=RegisterTest.register()[pri:0, instance:tests.RegisterTest@6e0e048a] output={null}]]]>
              </value>
            </param>
          </params>
          <exception class="java.lang.NullPointerException">
            <full-stacktrace>
              <![CDATA[java.lang.NullPointerException
at utils.DriverInfo.getResult(DriverInfo.java:85)
at sun.reflect.NativeMethodAccessorImpl.invoke0(Native Method)
at sun.reflect.NativeMethodAccessorImpl.invoke(Unknown Source)
at sun.reflect.DelegatingMethodAccessorImpl.invoke(Unknown Source)
at java.lang.reflect.Method.invoke(Unknown Source)
at org.testng.internal.MethodInvocationHelper.invokeMethod(MethodInvocationHelper.java:124)
at org.testng.internal.MethodInvocationHelper.invokeMethodConsideringTimeout(MethodInvocationHelper.java:59)
at org.testng.internal.Invoker.invokeConfigurationMethod(Invoker.java:458)
at org.testng.internal.Invoker.invokeConfigurations(Invoker.java:222)
at org.testng.internal.Invoker.invokeMethod(Invoker.java:646)
at org.testng.internal.Invoker.invokeTestMethod(Invoker.java:719)
at org.testng.internal.Invoker.invokeTestMethods(Invoker.java:989)
at org.testng.internal.TestMethodWorker.invokeTestMethods(TestMethodWorker.java:125)
at org.testng.internal.TestMethodWorker.run(TestMethodWorker.java:109)
at org.testng.TestRunner.privateRun(TestRunner.java:648)
at org.testng.TestRunner.run(TestRunner.java:505)
at org.testng.SuiteRunner.runTest(SuiteRunner.java:455)
at org.testng.SuiteRunner.access$000(SuiteRunner.java:40)
at org.testng.SuiteRunner$SuiteWorker.run(SuiteRunner.java:489)
at org.testng.internal.thread.ThreadUtil$1.call(ThreadUtil.java:52)
at java.util.concurrent.FutureTask.run(Unknown Source)
at java.util.concurrent.ThreadPoolExecutor.runWorker(Unknown Source)
at java.util.concurrent.ThreadPoolExecutor$Worker.run(Unknown Source)
at java.lang.Thread.run(Unknown Source)
]]>
            </full-stacktrace>
          </exception> <!-- java.lang.NullPointerException -->
          <reporter-output>
          </reporter-output>
        </test-method> <!-- getResult -->
      </class> <!-- tests.RegisterTest -->
    </test> <!-- test name FIRST -->
    <test name="test name SECOND" duration-ms="3195" started-at="2020-02-16T11:18:51Z" finished-at="2020-02-16T11:18:54Z">
      <class name="serviceTests.AddToCartTest">
        <test-method status="PASS" signature="initialize()[pri:0, instance:serviceTests.AddToCartTest@67205a84]" name="initialize" is-config="true" duration-ms="190" started-at="2020-02-16T11:18:49Z" finished-at="2020-02-16T11:18:49Z">
          <reporter-output>
          </reporter-output>
        </test-method> <!-- initialize -->
        <test-method status="PASS" signature="setup(java.lang.String)[pri:0, instance:serviceTests.AddToCartTest@67205a84]" name="setup" is-config="true" duration-ms="2012" started-at="2020-02-16T11:18:49Z" finished-at="2020-02-16T11:18:51Z">
          <params>
            <param index="0">
              <value>
                <![CDATA[IE]]>
              </value>
            </param>
          </params>
          <reporter-output>
          </reporter-output>
        </test-method> <!-- setup -->
        <test-method status="PASS" signature="oAuthTokenService()[pri:0, instance:serviceTests.AddToCartTest@67205a84]" name="oAuthTokenService" duration-ms="1656" started-at="2020-02-16T11:18:51Z" finished-at="2020-02-16T11:18:52Z">
          <reporter-output>
          </reporter-output>
        </test-method> <!-- oAuthTokenService -->
        <test-method status="PASS" signature="getResult(org.testng.ITestResult)[pri:0, instance:serviceTests.AddToCartTest@67205a84]" name="getResult" is-config="true" duration-ms="80" started-at="2020-02-16T11:18:52Z" finished-at="2020-02-16T11:18:53Z">
          <params>
            <param index="0">
              <value>
                <![CDATA[[TestResult name=oAuthTokenService status=SUCCESS method=AddToCartTest.oAuthTokenService()[pri:0, instance:serviceTests.AddToCartTest@67205a84] output={null}]]]>
              </value>
            </param>
          </params>
          <reporter-output>
          </reporter-output>
        </test-method> <!-- getResult -->
        <test-method status="PASS" signature="signInUsingService()[pri:1, instance:serviceTests.AddToCartTest@67205a84]" name="signInUsingService" duration-ms="229" started-at="2020-02-16T11:18:53Z" finished-at="2020-02-16T11:18:53Z">
          <reporter-output>
          </reporter-output>
        </test-method> <!-- signInUsingService -->
        <test-method status="PASS" signature="getResult(org.testng.ITestResult)[pri:0, instance:serviceTests.AddToCartTest@67205a84]" name="getResult" is-config="true" duration-ms="58" started-at="2020-02-16T11:18:53Z" finished-at="2020-02-16T11:18:53Z">
          <params>
            <param index="0">
              <value>
                <![CDATA[[TestResult name=signInUsingService status=SUCCESS method=AddToCartTest.signInUsingService()[pri:1, instance:serviceTests.AddToCartTest@67205a84] output={null}]]]>
              </value>
            </param>
          </params>
          <reporter-output>
          </reporter-output>
        </test-method> <!-- getResult -->
        <test-method status="PASS" signature="searchSofaService()[pri:2, instance:serviceTests.AddToCartTest@67205a84]" name="searchSofaService" duration-ms="503" started-at="2020-02-16T11:18:53Z" finished-at="2020-02-16T11:18:53Z">
          <reporter-output>
          </reporter-output>
        </test-method> <!-- searchSofaService -->
        <test-method status="PASS" signature="getResult(org.testng.ITestResult)[pri:0, instance:serviceTests.AddToCartTest@67205a84]" name="getResult" is-config="true" duration-ms="62" started-at="2020-02-16T11:18:53Z" finished-at="2020-02-16T11:18:53Z">
          <params>
            <param index="0">
              <value>
                <![CDATA[[TestResult name=searchSofaService status=SUCCESS method=AddToCartTest.searchSofaService()[pri:2, instance:serviceTests.AddToCartTest@67205a84] output={null}]]]>
              </value>
            </param>
          </params>
          <reporter-output>
          </reporter-output>
        </test-method> <!-- getResult -->
        <test-method status="PASS" signature="getProductDetailsService()[pri:3, instance:serviceTests.AddToCartTest@67205a84]" name="getProductDetailsService" duration-ms="68" started-at="2020-02-16T11:18:53Z" finished-at="2020-02-16T11:18:53Z">
          <reporter-output>
          </reporter-output>
        </test-method> <!-- getProductDetailsService -->
        <test-method status="PASS" signature="getResult(org.testng.ITestResult)[pri:0, instance:serviceTests.AddToCartTest@67205a84]" name="getResult" is-config="true" duration-ms="55" started-at="2020-02-16T11:18:53Z" finished-at="2020-02-16T11:18:53Z">
          <params>
            <param index="0">
              <value>
                <![CDATA[[TestResult name=getProductDetailsService status=SUCCESS method=AddToCartTest.getProductDetailsService()[pri:3, instance:serviceTests.AddToCartTest@67205a84] output={null}]]]>
              </value>
            </param>
          </params>
          <reporter-output>
          </reporter-output>
        </test-method> <!-- getResult -->
        <test-method status="PASS" signature="addProductToCart()[pri:4, instance:serviceTests.AddToCartTest@67205a84]" name="addProductToCart" duration-ms="64" started-at="2020-02-16T11:18:53Z" finished-at="2020-02-16T11:18:54Z">
          <reporter-output>
          </reporter-output>
        </test-method> <!-- addProductToCart -->
        <test-method status="PASS" signature="getResult(org.testng.ITestResult)[pri:0, instance:serviceTests.AddToCartTest@67205a84]" name="getResult" is-config="true" duration-ms="43" started-at="2020-02-16T11:18:54Z" finished-at="2020-02-16T11:18:54Z">
          <params>
            <param index="0">
              <value>
                <![CDATA[[TestResult name=addProductToCart status=SUCCESS method=AddToCartTest.addProductToCart()[pri:4, instance:serviceTests.AddToCartTest@67205a84] output={null}]]]>
              </value>
            </param>
          </params>
          <reporter-output>
          </reporter-output>
        </test-method> <!-- getResult -->
        <test-method status="PASS" signature="reviewCart()[pri:5, instance:serviceTests.AddToCartTest@67205a84]" name="reviewCart" duration-ms="83" started-at="2020-02-16T11:18:54Z" finished-at="2020-02-16T11:18:54Z">
          <reporter-output>
          </reporter-output>
        </test-method> <!-- reviewCart -->
        <test-method status="PASS" signature="getResult(org.testng.ITestResult)[pri:0, instance:serviceTests.AddToCartTest@67205a84]" name="getResult" is-config="true" duration-ms="64" started-at="2020-02-16T11:18:54Z" finished-at="2020-02-16T11:18:54Z">
          <params>
            <param index="0">
              <value>
                <![CDATA[[TestResult name=reviewCart status=SUCCESS method=AddToCartTest.reviewCart()[pri:5, instance:serviceTests.AddToCartTest@67205a84] output={null}]]]>
              </value>
            </param>
          </params>
          <reporter-output>
          </reporter-output>
        </test-method> <!-- getResult -->
        <test-method status="PASS" signature="updateCart()[pri:6, instance:serviceTests.AddToCartTest@67205a84]" name="updateCart" duration-ms="58" started-at="2020-02-16T11:18:54Z" finished-at="2020-02-16T11:18:54Z">
          <reporter-output>
          </reporter-output>
        </test-method> <!-- updateCart -->
        <test-method status="PASS" signature="getResult(org.testng.ITestResult)[pri:0, instance:serviceTests.AddToCartTest@67205a84]" name="getResult" is-config="true" duration-ms="49" started-at="2020-02-16T11:18:54Z" finished-at="2020-02-16T11:18:54Z">
          <params>
            <param index="0">
              <value>
                <![CDATA[[TestResult name=updateCart status=SUCCESS method=AddToCartTest.updateCart()[pri:6, instance:serviceTests.AddToCartTest@67205a84] output={null}]]]>
              </value>
            </param>
          </params>
          <reporter-output>
          </reporter-output>
        </test-method> <!-- getResult -->
        <test-method status="PASS" signature="deleteFromCart()[pri:7, instance:serviceTests.AddToCartTest@67205a84]" name="deleteFromCart" duration-ms="49" started-at="2020-02-16T11:18:54Z" finished-at="2020-02-16T11:18:54Z">
          <reporter-output>
          </reporter-output>
        </test-method> <!-- deleteFromCart -->
        <test-method status="PASS" signature="getResult(org.testng.ITestResult)[pri:0, instance:serviceTests.AddToCartTest@67205a84]" name="getResult" is-config="true" duration-ms="46" started-at="2020-02-16T11:18:54Z" finished-at="2020-02-16T11:18:54Z">
          <params>
            <param index="0">
              <value>
                <![CDATA[[TestResult name=deleteFromCart status=SUCCESS method=AddToCartTest.deleteFromCart()[pri:7, instance:serviceTests.AddToCartTest@67205a84] output={null}]]]>
              </value>
            </param>
          </params>
          <reporter-output>
          </reporter-output>
        </test-method> <!-- getResult -->
        <test-method status="PASS" signature="TeardownTest()[pri:0, instance:serviceTests.AddToCartTest@67205a84]" name="TeardownTest" is-config="true" duration-ms="1009" started-at="2020-02-16T11:18:54Z" finished-at="2020-02-16T11:18:55Z">
          <reporter-output>
          </reporter-output>
        </test-method> <!-- TeardownTest -->
      </class> <!-- serviceTests.AddToCartTest -->
    </test> <!-- test name SECOND -->
  </suite> <!-- TestSuite -->
</testng-results>
