<?xml version="1.0" encoding="UTF-8"?>
<!-- Generated by org.testng.reporters.JUnitXMLReporter -->
<testsuite hostname="azstorageexp" ignored="3" name="Test" tests="3" failures="2" timestamp="05 Feb 2020 17:35:47 GMT" time="111.9" errors="0">
  <testcase name="@AfterMethod getResult" time="0.0" classname="utils.DriverInfo">
    <failure type="java.lang.NullPointerException">
      <![CDATA[java.lang.NullPointerException
at utils.DriverInfo.getResult(DriverInfo.java:74)
at java.util.concurrent.FutureTask.run(Unknown Source)
at java.util.concurrent.ThreadPoolExecutor.runWorker(Unknown Source)
at java.util.concurrent.ThreadPoolExecutor$Worker.run(Unknown Source)
at java.lang.Thread.run(Unknown Source)
... Removed 19 stack frames]]>
    </failure>
  </testcase> <!-- @AfterMethod getResult -->
  <testcase name="@AfterMethod getResult" time="0.0" classname="utils.DriverInfo">
    <skipped/>
  </testcase> <!-- @AfterMethod getResult -->
  <testcase name="register" time="105.717" classname="tests.RegisterTest">
    <failure type="java.lang.StackOverflowError">
      <![CDATA[java.lang.StackOverflowError
at java.lang.String.startsWith(Unknown Source)
at sun.net.www.protocol.jar.Handler.parseContextSpec(Unknown Source)
at sun.net.www.protocol.jar.Handler.parseURL(Unknown Source)
at java.net.URL.<init>(Unknown Source)
at java.net.URL.<init>(Unknown Source)
at sun.misc.URLClassPath$JarLoader.checkResource(Unknown Source)
at sun.misc.URLClassPath$JarLoader.getResource(Unknown Source)
at sun.misc.URLClassPath.getResource(Unknown Source)
at java.net.URLClassLoader$1.run(Unknown Source)
at java.net.URLClassLoader$1.run(Unknown Source)
at java.security.AccessController.doPrivileged(Native Method)
at java.net.URLClassLoader.findClass(Unknown Source)
at java.lang.ClassLoader.loadClass(Unknown Source)
at sun.misc.Launcher$AppClassLoader.loadClass(Unknown Source)
at java.lang.ClassLoader.loadClass(Unknown Source)
at org.openqa.selenium.support.ui.FluentWait.propagateIfNotIgnored(FluentWait.java:301)
at org.openqa.selenium.support.ui.FluentWait.until(FluentWait.java:270)
at utils.BasePage.waitForElement(BasePage.java:25)
at utils.BasePage.moveToElement(BasePage.java:105)
at utils.BasePage.waitForElement(BasePage.java:26)
at utils.BasePage.moveToElement(BasePage.java:105)
at utils.BasePage.waitForElement(BasePage.java:26)
at utils.BasePage.moveToElement(BasePage.java:105)
at utils.BasePage.waitForElement(BasePage.java:26)
at utils.BasePage.moveToElement(BasePage.java:105)
at utils.BasePage.waitForElement(BasePage.java:26)
at utils.BasePage.moveToElement(BasePage.java:105)
at utils.BasePage.waitForElement(BasePage.java:26)
at utils.BasePage.moveToElement(BasePage.java:105)
at utils.BasePage.waitForElement(BasePage.java:26)
at utils.BasePage.moveToElement(BasePage.java:105)
at utils.BasePage.waitForElement(BasePage.java:26)
at utils.BasePage.moveToElement(BasePage.java:105)
at utils.BasePage.waitForElement(BasePage.java:26)
at utils.BasePage.moveToElement(BasePage.java:105)
at utils.BasePage.waitForElement(BasePage.java:26)
at utils.BasePage.moveToElement(BasePage.java:105)
at utils.BasePage.waitForElement(BasePage.java:26)
at utils.BasePage.moveToElement(BasePage.java:105)
at utils.BasePage.waitForElement(BasePage.java:26)
at utils.BasePage.moveToElement(BasePage.java:105)
at utils.BasePage.waitForElement(BasePage.java:26)
at utils.BasePage.moveToElement(BasePage.java:105)
at utils.BasePage.waitForElement(BasePage.java:26)
at utils.BasePage.moveToElement(BasePage.java:105)
at utils.BasePage.waitForElement(BasePage.java:26)
at utils.BasePage.moveToElement(BasePage.java:105)
at utils.BasePage.waitForElement(BasePage.java:26)
at utils.BasePage.moveToElement(BasePage.java:105)
at utils.BasePage.waitForElement(BasePage.java:26)
at utils.BasePage.moveToElement(BasePage.java:105)
at utils.BasePage.waitForElement(BasePage.java:26)
at utils.BasePage.moveToElement(BasePage.java:105)
at utils.BasePage.waitForElement(BasePage.java:26)
at utils.BasePage.moveToElement(BasePage.java:105)
at utils.BasePage.waitForElement(BasePage.java:26)
at utils.BasePage.moveToElement(BasePage.java:105)
at utils.BasePage.waitForElement(BasePage.java:26)
at utils.BasePage.moveToElement(BasePage.java:105)
at utils.BasePage.waitForElement(BasePage.java:26)
at utils.BasePage.moveToElement(BasePage.java:105)
at utils.BasePage.waitForElement(BasePage.java:26)
at utils.BasePage.moveToElement(BasePage.java:105)
at utils.BasePage.waitForElement(BasePage.java:26)
at utils.BasePage.moveToElement(BasePage.java:105)
at utils.BasePage.waitForElement(BasePage.java:26)
at utils.BasePage.moveToElement(BasePage.java:105)
at utils.BasePage.waitForElement(BasePage.java:26)
at utils.BasePage.moveToElement(BasePage.java:105)
at utils.BasePage.waitForElement(BasePage.java:26)
at utils.BasePage.moveToElement(BasePage.java:105)
at utils.BasePage.waitForElement(BasePage.java:26)
at utils.BasePage.moveToElement(BasePage.java:105)
at utils.BasePage.waitForElement(BasePage.java:26)
at utils.BasePage.moveToElement(BasePage.java:105)
at utils.BasePage.waitForElement(BasePage.java:26)
at utils.BasePage.moveToElement(BasePage.java:105)
at utils.BasePage.waitForElement(BasePage.java:26)
at utils.BasePage.moveToElement(BasePage.java:105)
at utils.BasePage.waitForElement(BasePage.java:26)
at utils.BasePage.moveToElement(BasePage.java:105)
at utils.BasePage.waitForElement(BasePage.java:26)
at utils.BasePage.moveToElement(BasePage.java:105)
at utils.BasePage.waitForElement(BasePage.java:26)
at utils.BasePage.moveToElement(BasePage.java:105)
at utils.BasePage.waitForElement(BasePage.java:26)
at utils.BasePage.moveToElement(BasePage.java:105)
at utils.BasePage.waitForElement(BasePage.java:26)
at utils.BasePage.moveToElement(BasePage.java:105)
at utils.BasePage.waitForElement(BasePage.java:26)
at utils.BasePage.moveToElement(BasePage.java:105)
at utils.BasePage.waitForElement(BasePage.java:26)
at utils.BasePage.moveToElement(BasePage.java:105)
at utils.BasePage.waitForElement(BasePage.java:26)
at utils.BasePage.moveToElement(BasePage.java:105)
at utils.BasePage.waitForElement(BasePage.java:26)
at utils.BasePage.moveToElement(BasePage.java:105)
at utils.BasePage.waitForElement(BasePage.java:26)
at utils.BasePage.moveToElement(BasePage.java:105)
at utils.BasePage.waitForElement(BasePage.java:26)
at utils.BasePage.moveToElement(BasePage.java:105)
at utils.BasePage.waitForElement(BasePage.java:26)
at utils.BasePage.moveToElement(BasePage.java:105)
at utils.BasePage.waitForElement(BasePage.java:26)
at utils.BasePage.moveToElement(BasePage.java:105)
at utils.BasePage.waitForElement(BasePage.java:26)
at utils.BasePage.moveToElement(BasePage.java:105)
at utils.BasePage.waitForElement(BasePage.java:26)
at utils.BasePage.moveToElement(BasePage.java:105)
at utils.BasePage.waitForElement(BasePage.java:26)
at utils.BasePage.moveToElement(BasePage.java:105)
at utils.BasePage.waitForElement(BasePage.java:26)
at utils.BasePage.moveToElement(BasePage.java:105)
at utils.BasePage.waitForElement(BasePage.java:26)
at utils.BasePage.moveToElement(BasePage.java:105)
at utils.BasePage.waitForElement(BasePage.java:26)
at utils.BasePage.moveToElement(BasePage.java:105)
at utils.BasePage.waitForElement(BasePage.java:26)
at utils.BasePage.moveToElement(BasePage.java:105)
at utils.BasePage.waitForElement(BasePage.java:26)
at utils.BasePage.moveToElement(BasePage.java:105)
at utils.BasePage.waitForElement(BasePage.java:26)
at utils.BasePage.moveToElement(BasePage.java:105)
at utils.BasePage.waitForElement(BasePage.java:26)
at utils.BasePage.moveToElement(BasePage.java:105)
at utils.BasePage.waitForElement(BasePage.java:26)
at utils.BasePage.moveToElement(BasePage.java:105)
at utils.BasePage.waitForElement(BasePage.java:26)
at utils.BasePage.moveToElement(BasePage.java:105)
at utils.BasePage.waitForElement(BasePage.java:26)
at utils.BasePage.moveToElement(BasePage.java:105)
at utils.BasePage.waitForElement(BasePage.java:26)
at utils.BasePage.moveToElement(BasePage.java:105)
at utils.BasePage.waitForElement(BasePage.java:26)
at utils.BasePage.moveToElement(BasePage.java:105)
at utils.BasePage.waitForElement(BasePage.java:26)
at utils.BasePage.moveToElement(BasePage.java:105)
at utils.BasePage.waitForElement(BasePage.java:26)
at utils.BasePage.moveToElement(BasePage.java:105)
at utils.BasePage.waitForElement(BasePage.java:26)
at utils.BasePage.moveToElement(BasePage.java:105)
at utils.BasePage.waitForElement(BasePage.java:26)
at utils.BasePage.moveToElement(BasePage.java:105)
at utils.BasePage.waitForElement(BasePage.java:26)
at utils.BasePage.moveToElement(BasePage.java:105)
at utils.BasePage.waitForElement(BasePage.java:26)
at utils.BasePage.moveToElement(BasePage.java:105)
at utils.BasePage.waitForElement(BasePage.java:26)
at utils.BasePage.moveToElement(BasePage.java:105)
at utils.BasePage.waitForElement(BasePage.java:26)
at utils.BasePage.moveToElement(BasePage.java:105)
at utils.BasePage.waitForElement(BasePage.java:26)
at utils.BasePage.moveToElement(BasePage.java:105)
at utils.BasePage.waitForElement(BasePage.java:26)
at utils.BasePage.moveToElement(BasePage.java:105)
at utils.BasePage.waitForElement(BasePage.java:26)
at utils.BasePage.moveToElement(BasePage.java:105)
at utils.BasePage.waitForElement(BasePage.java:26)
at utils.BasePage.moveToElement(BasePage.java:105)
at utils.BasePage.waitForElement(BasePage.java:26)
at utils.BasePage.moveToElement(BasePage.java:105)
at utils.BasePage.waitForElement(BasePage.java:26)
at utils.BasePage.moveToElement(BasePage.java:105)
at utils.BasePage.waitForElement(BasePage.java:26)
at utils.BasePage.moveToElement(BasePage.java:105)
at utils.BasePage.waitForElement(BasePage.java:26)
at utils.BasePage.moveToElement(BasePage.java:105)
at utils.BasePage.waitForElement(BasePage.java:26)
at utils.BasePage.moveToElement(BasePage.java:105)
at utils.BasePage.waitForElement(BasePage.java:26)
at utils.BasePage.moveToElement(BasePage.java:105)
at utils.BasePage.waitForElement(BasePage.java:26)
at utils.BasePage.moveToElement(BasePage.java:105)
at utils.BasePage.waitForElement(BasePage.java:26)
at utils.BasePage.moveToElement(BasePage.java:105)
at utils.BasePage.waitForElement(BasePage.java:26)
at utils.BasePage.moveToElement(BasePage.java:105)
at utils.BasePage.waitForElement(BasePage.java:26)
at utils.BasePage.moveToElement(BasePage.java:105)
at utils.BasePage.waitForElement(BasePage.java:26)
at utils.BasePage.moveToElement(BasePage.java:105)
at utils.BasePage.waitForElement(BasePage.java:26)
at utils.BasePage.moveToElement(BasePage.java:105)
at utils.BasePage.waitForElement(BasePage.java:26)
at utils.BasePage.moveToElement(BasePage.java:105)
at utils.BasePage.waitForElement(BasePage.java:26)
at utils.BasePage.moveToElement(BasePage.java:105)
at utils.BasePage.waitForElement(BasePage.java:26)
at utils.BasePage.moveToElement(BasePage.java:105)
at utils.BasePage.waitForElement(BasePage.java:26)
at utils.BasePage.moveToElement(BasePage.java:105)
at utils.BasePage.waitForElement(BasePage.java:26)
at utils.BasePage.moveToElement(BasePage.java:105)
at utils.BasePage.waitForElement(BasePage.java:26)
at utils.BasePage.moveToElement(BasePage.java:105)
at utils.BasePage.waitForElement(BasePage.java:26)
at utils.BasePage.moveToElement(BasePage.java:105)
at utils.BasePage.waitForElement(BasePage.java:26)
at utils.BasePage.moveToElement(BasePage.java:105)
at utils.BasePage.waitForElement(BasePage.java:26)
at utils.BasePage.moveToElement(BasePage.java:105)
at utils.BasePage.waitForElement(BasePage.java:26)
at utils.BasePage.moveToElement(BasePage.java:105)
at utils.BasePage.waitForElement(BasePage.java:26)
at utils.BasePage.moveToElement(BasePage.java:105)
at utils.BasePage.waitForElement(BasePage.java:26)
at utils.BasePage.moveToElement(BasePage.java:105)
at utils.BasePage.waitForElement(BasePage.java:26)
at utils.BasePage.moveToElement(BasePage.java:105)
at utils.BasePage.waitForElement(BasePage.java:26)
at utils.BasePage.moveToElement(BasePage.java:105)
at utils.BasePage.waitForElement(BasePage.java:26)
at utils.BasePage.moveToElement(BasePage.java:105)
at utils.BasePage.waitForElement(BasePage.java:26)
at utils.BasePage.moveToElement(BasePage.java:105)
at utils.BasePage.waitForElement(BasePage.java:26)
at utils.BasePage.moveToElement(BasePage.java:105)
at utils.BasePage.waitForElement(BasePage.java:26)
at utils.BasePage.moveToElement(BasePage.java:105)
at utils.BasePage.waitForElement(BasePage.java:26)
at utils.BasePage.moveToElement(BasePage.java:105)
at utils.BasePage.waitForElement(BasePage.java:26)
at utils.BasePage.moveToElement(BasePage.java:105)
at utils.BasePage.waitForElement(BasePage.java:26)
at utils.BasePage.moveToElement(BasePage.java:105)
at utils.BasePage.waitForElement(BasePage.java:26)
at utils.BasePage.moveToElement(BasePage.java:105)
at utils.BasePage.waitForElement(BasePage.java:26)
at utils.BasePage.moveToElement(BasePage.java:105)
at utils.BasePage.waitForElement(BasePage.java:26)
at utils.BasePage.moveToElement(BasePage.java:105)
at utils.BasePage.waitForElement(BasePage.java:26)
at utils.BasePage.moveToElement(BasePage.java:105)
at utils.BasePage.waitForElement(BasePage.java:26)
at utils.BasePage.moveToElement(BasePage.java:105)
at utils.BasePage.waitForElement(BasePage.java:26)
at utils.BasePage.moveToElement(BasePage.java:105)
at utils.BasePage.waitForElement(BasePage.java:26)
at utils.BasePage.moveToElement(BasePage.java:105)
at utils.BasePage.waitForElement(BasePage.java:26)
at utils.BasePage.moveToElement(BasePage.java:105)
at utils.BasePage.waitForElement(BasePage.java:26)
at utils.BasePage.moveToElement(BasePage.java:105)
at utils.BasePage.waitForElement(BasePage.java:26)
at utils.BasePage.moveToElement(BasePage.java:105)
at utils.BasePage.waitForElement(BasePage.java:26)
at utils.BasePage.moveToElement(BasePage.java:105)
at utils.BasePage.waitForElement(BasePage.java:26)
at utils.BasePage.moveToElement(BasePage.java:105)
at utils.BasePage.waitForElement(BasePage.java:26)
at utils.BasePage.moveToElement(BasePage.java:105)
at utils.BasePage.waitForElement(BasePage.java:26)
at utils.BasePage.moveToElement(BasePage.java:105)
at utils.BasePage.waitForElement(BasePage.java:26)
at utils.BasePage.moveToElement(BasePage.java:105)
at utils.BasePage.waitForElement(BasePage.java:26)
at utils.BasePage.moveToElement(BasePage.java:105)
at utils.BasePage.waitForElement(BasePage.java:26)
at utils.BasePage.moveToElement(BasePage.java:105)
at utils.BasePage.waitForElement(BasePage.java:26)
at utils.BasePage.moveToElement(BasePage.java:105)
at utils.BasePage.waitForElement(BasePage.java:26)
at utils.BasePage.moveToElement(BasePage.java:105)
at utils.BasePage.waitForElement(BasePage.java:26)
at utils.BasePage.moveToElement(BasePage.java:105)
at utils.BasePage.waitForElement(BasePage.java:26)
at utils.BasePage.moveToElement(BasePage.java:105)
at utils.BasePage.waitForElement(BasePage.java:26)
at utils.BasePage.moveToElement(BasePage.java:105)
at utils.BasePage.waitForElement(BasePage.java:26)
at utils.BasePage.moveToElement(BasePage.java:105)
at utils.BasePage.waitForElement(BasePage.java:26)
at utils.BasePage.moveToElement(BasePage.java:105)
at utils.BasePage.waitForElement(BasePage.java:26)
at utils.BasePage.moveToElement(BasePage.java:105)
at utils.BasePage.waitForElement(BasePage.java:26)
at utils.BasePage.moveToElement(BasePage.java:105)
at utils.BasePage.waitForElement(BasePage.java:26)
at utils.BasePage.moveToElement(BasePage.java:105)
at utils.BasePage.waitForElement(BasePage.java:26)
at utils.BasePage.moveToElement(BasePage.java:105)
at utils.BasePage.waitForElement(BasePage.java:26)
at utils.BasePage.moveToElement(BasePage.java:105)
at utils.BasePage.waitForElement(BasePage.java:26)
at utils.BasePage.moveToElement(BasePage.java:105)
at utils.BasePage.waitForElement(BasePage.java:26)
at utils.BasePage.moveToElement(BasePage.java:105)
at utils.BasePage.waitForElement(BasePage.java:26)
at utils.BasePage.moveToElement(BasePage.java:105)
at utils.BasePage.waitForElement(BasePage.java:26)
at utils.BasePage.moveToElement(BasePage.java:105)
at utils.BasePage.waitForElement(BasePage.java:26)
at utils.BasePage.moveToElement(BasePage.java:105)
at utils.BasePage.waitForElement(BasePage.java:26)
at utils.BasePage.moveToElement(BasePage.java:105)
at utils.BasePage.waitForElement(BasePage.java:26)
at utils.BasePage.moveToElement(BasePage.java:105)
at utils.BasePage.waitForElement(BasePage.java:26)
at utils.BasePage.moveToElement(BasePage.java:105)
at utils.BasePage.waitForElement(BasePage.java:26)
at utils.BasePage.moveToElement(BasePage.java:105)
at utils.BasePage.waitForElement(BasePage.java:26)
at utils.BasePage.moveToElement(BasePage.java:105)
at utils.BasePage.waitForElement(BasePage.java:26)
at utils.BasePage.moveToElement(BasePage.java:105)
at utils.BasePage.waitForElement(BasePage.java:26)
at utils.BasePage.moveToElement(BasePage.java:105)
at utils.BasePage.waitForElement(BasePage.java:26)
at utils.BasePage.moveToElement(BasePage.java:105)
at utils.BasePage.waitForElement(BasePage.java:26)
at utils.BasePage.moveToElement(BasePage.java:105)
at utils.BasePage.waitForElement(BasePage.java:26)
at utils.BasePage.moveToElement(BasePage.java:105)
at utils.BasePage.waitForElement(BasePage.java:26)
at utils.BasePage.moveToElement(BasePage.java:105)
at utils.BasePage.waitForElement(BasePage.java:26)
at utils.BasePage.moveToElement(BasePage.java:105)
at utils.BasePage.waitForElement(BasePage.java:26)
at utils.BasePage.moveToElement(BasePage.java:105)
at utils.BasePage.waitForElement(BasePage.java:26)
at utils.BasePage.moveToElement(BasePage.java:105)
at utils.BasePage.waitForElement(BasePage.java:26)
at utils.BasePage.moveToElement(BasePage.java:105)
at utils.BasePage.waitForElement(BasePage.java:26)
at utils.BasePage.moveToElement(BasePage.java:105)
at utils.BasePage.waitForElement(BasePage.java:26)
at utils.BasePage.moveToElement(BasePage.java:105)
at utils.BasePage.waitForElement(BasePage.java:26)
at utils.BasePage.moveToElement(BasePage.java:105)
at utils.BasePage.waitForElement(BasePage.java:26)
at utils.BasePage.moveToElement(BasePage.java:105)
at utils.BasePage.waitForElement(BasePage.java:26)
at utils.BasePage.moveToElement(BasePage.java:105)
at utils.BasePage.waitForElement(BasePage.java:26)
at utils.BasePage.moveToElement(BasePage.java:105)
at utils.BasePage.waitForElement(BasePage.java:26)
at utils.BasePage.moveToElement(BasePage.java:105)
at utils.BasePage.waitForElement(BasePage.java:26)
at utils.BasePage.moveToElement(BasePage.java:105)
at utils.BasePage.waitForElement(BasePage.java:26)
at utils.BasePage.moveToElement(BasePage.java:105)
at utils.BasePage.waitForElement(BasePage.java:26)
at utils.BasePage.moveToElement(BasePage.java:105)
at utils.BasePage.waitForElement(BasePage.java:26)
at utils.BasePage.moveToElement(BasePage.java:105)
at utils.BasePage.waitForElement(BasePage.java:26)
at utils.BasePage.moveToElement(BasePage.java:105)
at utils.BasePage.waitForElement(BasePage.java:26)
at utils.BasePage.moveToElement(BasePage.java:105)
at utils.BasePage.waitForElement(BasePage.java:26)
at utils.BasePage.moveToElement(BasePage.java:105)
at utils.BasePage.waitForElement(BasePage.java:26)
at utils.BasePage.moveToElement(BasePage.java:105)
at utils.BasePage.waitForElement(BasePage.java:26)
at utils.BasePage.moveToElement(BasePage.java:105)
at utils.BasePage.waitForElement(BasePage.java:26)
at utils.BasePage.moveToElement(BasePage.java:105)
at utils.BasePage.waitForElement(BasePage.java:26)
at utils.BasePage.moveToElement(BasePage.java:105)
at utils.BasePage.waitForElement(BasePage.java:26)
at utils.BasePage.moveToElement(BasePage.java:105)
at utils.BasePage.waitForElement(BasePage.java:26)
at utils.BasePage.moveToElement(BasePage.java:105)
at utils.BasePage.waitForElement(BasePage.java:26)
at utils.BasePage.moveToElement(BasePage.java:105)
at utils.BasePage.waitForElement(BasePage.java:26)
at utils.BasePage.moveToElement(BasePage.java:105)
at utils.BasePage.waitForElement(BasePage.java:26)
at utils.BasePage.moveToElement(BasePage.java:105)
at utils.BasePage.waitForElement(BasePage.java:26)
at utils.BasePage.moveToElement(BasePage.java:105)
at utils.BasePage.waitForElement(BasePage.java:26)
at utils.BasePage.moveToElement(BasePage.java:105)
at utils.BasePage.waitForElement(BasePage.java:26)
at utils.BasePage.moveToElement(BasePage.java:105)
at utils.BasePage.waitForElement(BasePage.java:26)
at utils.BasePage.moveToElement(BasePage.java:105)
at utils.BasePage.waitForElement(BasePage.java:26)
at utils.BasePage.moveToElement(BasePage.java:105)
at utils.BasePage.waitForElement(BasePage.java:26)
at utils.BasePage.moveToElement(BasePage.java:105)
at utils.BasePage.waitForElement(BasePage.java:26)
at utils.BasePage.moveToElement(BasePage.java:105)
at utils.BasePage.waitForElement(BasePage.java:26)
at utils.BasePage.moveToElement(BasePage.java:105)
at utils.BasePage.waitForElement(BasePage.java:26)
at utils.BasePage.moveToElement(BasePage.java:105)
at utils.BasePage.waitForElement(BasePage.java:26)
at utils.BasePage.moveToElement(BasePage.java:105)
at utils.BasePage.waitForElement(BasePage.java:26)
at utils.BasePage.moveToElement(BasePage.java:105)
at utils.BasePage.waitForElement(BasePage.java:26)
at utils.BasePage.moveToElement(BasePage.java:105)
at utils.BasePage.waitForElement(BasePage.java:26)
at utils.BasePage.moveToElement(BasePage.java:105)
at utils.BasePage.waitForElement(BasePage.java:26)
at utils.BasePage.moveToElement(BasePage.java:105)
at utils.BasePage.waitForElement(BasePage.java:26)
at utils.BasePage.moveToElement(BasePage.java:105)
at utils.BasePage.waitForElement(BasePage.java:26)
at utils.BasePage.moveToElement(BasePage.java:105)
at utils.BasePage.waitForElement(BasePage.java:26)
at utils.BasePage.moveToElement(BasePage.java:105)
at utils.BasePage.waitForElement(BasePage.java:26)
at utils.BasePage.moveToElement(BasePage.java:105)
at utils.BasePage.waitForElement(BasePage.java:26)
at utils.BasePage.moveToElement(BasePage.java:105)
at utils.BasePage.waitForElement(BasePage.java:26)
at utils.BasePage.moveToElement(BasePage.java:105)
at utils.BasePage.waitForElement(BasePage.java:26)
at utils.BasePage.moveToElement(BasePage.java:105)
at utils.BasePage.waitForElement(BasePage.java:26)
at utils.BasePage.moveToElement(BasePage.java:105)
at utils.BasePage.waitForElement(BasePage.java:26)
at utils.BasePage.moveToElement(BasePage.java:105)
at utils.BasePage.waitForElement(BasePage.java:26)
at utils.BasePage.moveToElement(BasePage.java:105)
at utils.BasePage.waitForElement(BasePage.java:26)
at utils.BasePage.moveToElement(BasePage.java:105)
at utils.BasePage.waitForElement(BasePage.java:26)
at utils.BasePage.moveToElement(BasePage.java:105)
at utils.BasePage.waitForElement(BasePage.java:26)
at utils.BasePage.moveToElement(BasePage.java:105)
at utils.BasePage.waitForElement(BasePage.java:26)
at utils.BasePage.moveToElement(BasePage.java:105)
at utils.BasePage.waitForElement(BasePage.java:26)
at utils.BasePage.moveToElement(BasePage.java:105)
at utils.BasePage.waitForElement(BasePage.java:26)
at utils.BasePage.moveToElement(BasePage.java:105)
at utils.BasePage.waitForElement(BasePage.java:26)
at utils.BasePage.moveToElement(BasePage.java:105)
at utils.BasePage.waitForElement(BasePage.java:26)
at utils.BasePage.moveToElement(BasePage.java:105)
at utils.BasePage.waitForElement(BasePage.java:26)
at utils.BasePage.moveToElement(BasePage.java:105)
at utils.BasePage.waitForElement(BasePage.java:26)
at utils.BasePage.moveToElement(BasePage.java:105)
at utils.BasePage.waitForElement(BasePage.java:26)
at utils.BasePage.moveToElement(BasePage.java:105)
at utils.BasePage.waitForElement(BasePage.java:26)
at utils.BasePage.moveToElement(BasePage.java:105)
at utils.BasePage.waitForElement(BasePage.java:26)
at utils.BasePage.moveToElement(BasePage.java:105)
at utils.BasePage.waitForElement(BasePage.java:26)
at utils.BasePage.moveToElement(BasePage.java:105)
at utils.BasePage.waitForElement(BasePage.java:26)
at utils.BasePage.moveToElement(BasePage.java:105)
at utils.BasePage.waitForElement(BasePage.java:26)
at utils.BasePage.moveToElement(BasePage.java:105)
at utils.BasePage.waitForElement(BasePage.java:26)
at utils.BasePage.moveToElement(BasePage.java:105)
at utils.BasePage.waitForElement(BasePage.java:26)
at utils.BasePage.moveToElement(BasePage.java:105)
at utils.BasePage.waitForElement(BasePage.java:26)
at utils.BasePage.moveToElement(BasePage.java:105)
at utils.BasePage.waitForElement(BasePage.java:26)
at utils.BasePage.moveToElement(BasePage.java:105)
at utils.BasePage.waitForElement(BasePage.java:26)
at utils.BasePage.moveToElement(BasePage.java:105)
at utils.BasePage.waitForElement(BasePage.java:26)
at utils.BasePage.moveToElement(BasePage.java:105)
at utils.BasePage.waitForElement(BasePage.java:26)
at utils.BasePage.moveToElement(BasePage.java:105)
at utils.BasePage.waitForElement(BasePage.java:26)
at utils.BasePage.moveToElement(BasePage.java:105)
at utils.BasePage.waitForElement(BasePage.java:26)
at utils.BasePage.moveToElement(BasePage.java:105)
at utils.BasePage.waitForElement(BasePage.java:26)
at utils.BasePage.moveToElement(BasePage.java:105)
at utils.BasePage.waitForElement(BasePage.java:26)
at utils.BasePage.moveToElement(BasePage.java:105)
at utils.BasePage.waitForElement(BasePage.java:26)
at utils.BasePage.moveToElement(BasePage.java:105)
at utils.BasePage.waitForElement(BasePage.java:26)
at utils.BasePage.moveToElement(BasePage.java:105)
at utils.BasePage.waitForElement(BasePage.java:26)
at utils.BasePage.moveToElement(BasePage.java:105)
at utils.BasePage.waitForElement(BasePage.java:26)
at utils.BasePage.moveToElement(BasePage.java:105)
at utils.BasePage.waitForElement(BasePage.java:26)
at utils.BasePage.moveToElement(BasePage.java:105)
at utils.BasePage.waitForElement(BasePage.java:26)
at utils.BasePage.moveToElement(BasePage.java:105)
at utils.BasePage.waitForElement(BasePage.java:26)
at utils.BasePage.moveToElement(BasePage.java:105)
at utils.BasePage.waitForElement(BasePage.java:26)
at utils.BasePage.moveToElement(BasePage.java:105)
at utils.BasePage.waitForElement(BasePage.java:26)
at utils.BasePage.moveToElement(BasePage.java:105)
at utils.BasePage.waitForElement(BasePage.java:26)
at utils.BasePage.moveToElement(BasePage.java:105)
at utils.BasePage.waitForElement(BasePage.java:26)
at utils.BasePage.moveToElement(BasePage.java:105)
at utils.BasePage.waitForElement(BasePage.java:26)
at utils.BasePage.moveToElement(BasePage.java:105)
at utils.BasePage.waitForElement(BasePage.java:26)
at utils.BasePage.moveToElement(BasePage.java:105)
at utils.BasePage.waitForElement(BasePage.java:26)
at utils.BasePage.moveToElement(BasePage.java:105)
at utils.BasePage.waitForElement(BasePage.java:26)
at utils.BasePage.moveToElement(BasePage.java:105)
at utils.BasePage.waitForElement(BasePage.java:26)
at utils.BasePage.moveToElement(BasePage.java:105)
at utils.BasePage.waitForElement(BasePage.java:26)
at utils.BasePage.moveToElement(BasePage.java:105)
at utils.BasePage.waitForElement(BasePage.java:26)
at utils.BasePage.moveToElement(BasePage.java:105)
at utils.BasePage.waitForElement(BasePage.java:26)
at utils.BasePage.moveToElement(BasePage.java:105)
at utils.BasePage.waitForElement(BasePage.java:26)
at utils.BasePage.moveToElement(BasePage.java:105)
at utils.BasePage.waitForElement(BasePage.java:26)
at utils.BasePage.moveToElement(BasePage.java:105)
at utils.BasePage.waitForElement(BasePage.java:26)
at utils.BasePage.moveToElement(BasePage.java:105)
at utils.BasePage.waitForElement(BasePage.java:26)
at utils.BasePage.moveToElement(BasePage.java:105)
at utils.BasePage.waitForElement(BasePage.java:26)
at utils.BasePage.moveToElement(BasePage.java:105)
at utils.BasePage.waitForElement(BasePage.java:26)
at utils.BasePage.moveToElement(BasePage.java:105)
at utils.BasePage.waitForElement(BasePage.java:26)
at utils.BasePage.moveToElement(BasePage.java:105)
at utils.BasePage.waitForElement(BasePage.java:26)
at utils.BasePage.moveToElement(BasePage.java:105)
at utils.BasePage.waitForElement(BasePage.java:26)
at utils.BasePage.moveToElement(BasePage.java:105)
at utils.BasePage.waitForElement(BasePage.java:26)
at utils.BasePage.moveToElement(BasePage.java:105)
at utils.BasePage.waitForElement(BasePage.java:26)
at utils.BasePage.moveToElement(BasePage.java:105)
at utils.BasePage.waitForElement(BasePage.java:26)
at utils.BasePage.moveToElement(BasePage.java:105)
at utils.BasePage.waitForElement(BasePage.java:26)
at utils.BasePage.moveToElement(BasePage.java:105)
at utils.BasePage.waitForElement(BasePage.java:26)
at utils.BasePage.moveToElement(BasePage.java:105)
at utils.BasePage.waitForElement(BasePage.java:26)
at utils.BasePage.moveToElement(BasePage.java:105)
at utils.BasePage.waitForElement(BasePage.java:26)
at utils.BasePage.moveToElement(BasePage.java:105)
at utils.BasePage.waitForElement(BasePage.java:26)
at utils.BasePage.moveToElement(BasePage.java:105)
at utils.BasePage.waitForElement(BasePage.java:26)
at utils.BasePage.moveToElement(BasePage.java:105)
at utils.BasePage.waitForElement(BasePage.java:26)
at utils.BasePage.moveToElement(BasePage.java:105)
at utils.BasePage.waitForElement(BasePage.java:26)
at utils.BasePage.moveToElement(BasePage.java:105)
at utils.BasePage.waitForElement(BasePage.java:26)
at utils.BasePage.moveToElement(BasePage.java:105)
at utils.BasePage.waitForElement(BasePage.java:26)
at utils.BasePage.moveToElement(BasePage.java:105)
at utils.BasePage.waitForElement(BasePage.java:26)
at utils.BasePage.moveToElement(BasePage.java:105)
at utils.BasePage.waitForElement(BasePage.java:26)
at utils.BasePage.moveToElement(BasePage.java:105)
at utils.BasePage.waitForElement(BasePage.java:26)
at utils.BasePage.moveToElement(BasePage.java:105)
at utils.BasePage.waitForElement(BasePage.java:26)
at utils.BasePage.moveToElement(BasePage.java:105)
at utils.BasePage.waitForElement(BasePage.java:26)
at utils.BasePage.moveToElement(BasePage.java:105)
at utils.BasePage.waitForElement(BasePage.java:26)
at utils.BasePage.moveToElement(BasePage.java:105)
at utils.BasePage.waitForElement(BasePage.java:26)
at utils.BasePage.moveToElement(BasePage.java:105)
at utils.BasePage.waitForElement(BasePage.java:26)
at utils.BasePage.moveToElement(BasePage.java:105)
at utils.BasePage.waitForElement(BasePage.java:26)
at utils.BasePage.moveToElement(BasePage.java:105)
at utils.BasePage.waitForElement(BasePage.java:26)
at utils.BasePage.moveToElement(BasePage.java:105)
at utils.BasePage.waitForElement(BasePage.java:26)
at utils.BasePage.moveToElement(BasePage.java:105)
at utils.BasePage.waitForElement(BasePage.java:26)
at utils.BasePage.moveToElement(BasePage.java:105)
at utils.BasePage.waitForElement(BasePage.java:26)
at utils.BasePage.moveToElement(BasePage.java:105)
at utils.BasePage.waitForElement(BasePage.java:26)
at utils.BasePage.moveToElement(BasePage.java:105)
at utils.BasePage.waitForElement(BasePage.java:26)
at utils.BasePage.moveToElement(BasePage.java:105)
at utils.BasePage.waitForElement(BasePage.java:26)
at utils.BasePage.moveToElement(BasePage.java:105)
at utils.BasePage.waitForElement(BasePage.java:26)
at utils.BasePage.moveToElement(BasePage.java:105)
at utils.BasePage.waitForElement(BasePage.java:26)
at utils.BasePage.moveToElement(BasePage.java:105)
at utils.BasePage.waitForElement(BasePage.java:26)
at utils.BasePage.moveToElement(BasePage.java:105)
at utils.BasePage.waitForElement(BasePage.java:26)
at utils.BasePage.moveToElement(BasePage.java:105)
at utils.BasePage.waitForElement(BasePage.java:26)
at utils.BasePage.moveToElement(BasePage.java:105)
at utils.BasePage.waitForElement(BasePage.java:26)
at utils.BasePage.moveToElement(BasePage.java:105)
at utils.BasePage.waitForElement(BasePage.java:26)
at utils.BasePage.moveToElement(BasePage.java:105)
at utils.BasePage.waitForElement(BasePage.java:26)
at utils.BasePage.moveToElement(BasePage.java:105)
at utils.BasePage.waitForElement(BasePage.java:26)
at utils.BasePage.moveToElement(BasePage.java:105)
at utils.BasePage.waitForElement(BasePage.java:26)
at utils.BasePage.moveToElement(BasePage.java:105)
at utils.BasePage.waitForElement(BasePage.java:26)
at utils.BasePage.moveToElement(BasePage.java:105)
at utils.BasePage.waitForElement(BasePage.java:26)
at utils.BasePage.moveToElement(BasePage.java:105)
at utils.BasePage.waitForElement(BasePage.java:26)
at utils.BasePage.moveToElement(BasePage.java:105)
at utils.BasePage.waitForElement(BasePage.java:26)
at utils.BasePage.moveToElement(BasePage.java:105)
at utils.BasePage.waitForElement(BasePage.java:26)
at utils.BasePage.moveToElement(BasePage.java:105)
at utils.BasePage.waitForElement(BasePage.java:26)
at utils.BasePage.moveToElement(BasePage.java:105)
at utils.BasePage.waitForElement(BasePage.java:26)
at utils.BasePage.moveToElement(BasePage.java:105)
at utils.BasePage.waitForElement(BasePage.java:26)
at utils.BasePage.moveToElement(BasePage.java:105)
at utils.BasePage.waitForElement(BasePage.java:26)
at utils.BasePage.moveToElement(BasePage.java:105)
at utils.BasePage.waitForElement(BasePage.java:26)
at utils.BasePage.moveToElement(BasePage.java:105)
at utils.BasePage.waitForElement(BasePage.java:26)
at utils.BasePage.moveToElement(BasePage.java:105)
at utils.BasePage.waitForElement(BasePage.java:26)
at utils.BasePage.moveToElement(BasePage.java:105)
at utils.BasePage.waitForElement(BasePage.java:26)
at utils.BasePage.moveToElement(BasePage.java:105)
at utils.BasePage.waitForElement(BasePage.java:26)
at utils.BasePage.moveToElement(BasePage.java:105)
at utils.BasePage.waitForElement(BasePage.java:26)
at utils.BasePage.moveToElement(BasePage.java:105)
at utils.BasePage.waitForElement(BasePage.java:26)
at utils.BasePage.moveToElement(BasePage.java:105)
at utils.BasePage.waitForElement(BasePage.java:26)
at utils.BasePage.moveToElement(BasePage.java:105)
at utils.BasePage.waitForElement(BasePage.java:26)
at utils.BasePage.moveToElement(BasePage.java:105)
at utils.BasePage.waitForElement(BasePage.java:26)
at utils.BasePage.moveToElement(BasePage.java:105)
at utils.BasePage.waitForElement(BasePage.java:26)
at utils.BasePage.moveToElement(BasePage.java:105)
at utils.BasePage.waitForElement(BasePage.java:26)
at utils.BasePage.moveToElement(BasePage.java:105)
at utils.BasePage.waitForElement(BasePage.java:26)
at utils.BasePage.moveToElement(BasePage.java:105)
at utils.BasePage.waitForElement(BasePage.java:26)
at utils.BasePage.moveToElement(BasePage.java:105)
at utils.BasePage.waitForElement(BasePage.java:26)
at utils.BasePage.moveToElement(BasePage.java:105)
at utils.BasePage.waitForElement(BasePage.java:26)
at utils.BasePage.moveToElement(BasePage.java:105)
at utils.BasePage.waitForElement(BasePage.java:26)
at utils.BasePage.moveToElement(BasePage.java:105)
at utils.BasePage.waitForElement(BasePage.java:26)
at utils.BasePage.moveToElement(BasePage.java:105)
at utils.BasePage.waitForElement(BasePage.java:26)
at utils.BasePage.moveToElement(BasePage.java:105)
at utils.BasePage.waitForElement(BasePage.java:26)
at utils.BasePage.moveToElement(BasePage.java:105)
at utils.BasePage.waitForElement(BasePage.java:26)
at utils.BasePage.moveToElement(BasePage.java:105)
at utils.BasePage.waitForElement(BasePage.java:26)
at utils.BasePage.moveToElement(BasePage.java:105)
at utils.BasePage.waitForElement(BasePage.java:26)
at utils.BasePage.moveToElement(BasePage.java:105)
at utils.BasePage.waitForElement(BasePage.java:26)
at utils.BasePage.moveToElement(BasePage.java:105)
at utils.BasePage.waitForElement(BasePage.java:26)
at utils.BasePage.moveToElement(BasePage.java:105)
at utils.BasePage.waitForElement(BasePage.java:26)
at utils.BasePage.moveToElement(BasePage.java:105)
at utils.BasePage.waitForElement(BasePage.java:26)
at utils.BasePage.moveToElement(BasePage.java:105)
at utils.BasePage.waitForElement(BasePage.java:26)
at utils.BasePage.moveToElement(BasePage.java:105)
at utils.BasePage.waitForElement(BasePage.java:26)
at utils.BasePage.moveToElement(BasePage.java:105)
at utils.BasePage.waitForElement(BasePage.java:26)
at utils.BasePage.moveToElement(BasePage.java:105)
at utils.BasePage.waitForElement(BasePage.java:26)
at utils.BasePage.moveToElement(BasePage.java:105)
at utils.BasePage.waitForElement(BasePage.java:26)
at utils.BasePage.moveToElement(BasePage.java:105)
at utils.BasePage.waitForElement(BasePage.java:26)
at utils.BasePage.moveToElement(BasePage.java:105)
at utils.BasePage.waitForElement(BasePage.java:26)
at utils.BasePage.moveToElement(BasePage.java:105)
at utils.BasePage.waitForElement(BasePage.java:26)
at utils.BasePage.moveToElement(BasePage.java:105)
at utils.BasePage.waitForElement(BasePage.java:26)
at utils.BasePage.moveToElement(BasePage.java:105)
at utils.BasePage.waitForElement(BasePage.java:26)
at utils.BasePage.moveToElement(BasePage.java:105)
at utils.BasePage.waitForElement(BasePage.java:26)
at utils.BasePage.moveToElement(BasePage.java:105)
at utils.BasePage.waitForElement(BasePage.java:26)
at utils.BasePage.moveToElement(BasePage.java:105)
at utils.BasePage.waitForElement(BasePage.java:26)
at utils.BasePage.moveToElement(BasePage.java:105)
at utils.BasePage.waitForElement(BasePage.java:26)
at utils.BasePage.moveToElement(BasePage.java:105)
at utils.BasePage.waitForElement(BasePage.java:26)
at utils.BasePage.moveToElement(BasePage.java:105)
at utils.BasePage.waitForElement(BasePage.java:26)
at utils.BasePage.moveToElement(BasePage.java:105)
at utils.BasePage.waitForElement(BasePage.java:26)
at utils.BasePage.moveToElement(BasePage.java:105)
at utils.BasePage.waitForElement(BasePage.java:26)
at utils.BasePage.moveToElement(BasePage.java:105)
at utils.BasePage.waitForElement(BasePage.java:26)
at utils.BasePage.moveToElement(BasePage.java:105)
at utils.BasePage.waitForElement(BasePage.java:26)
at utils.BasePage.moveToElement(BasePage.java:105)
at utils.BasePage.waitForElement(BasePage.java:26)
at utils.BasePage.moveToElement(BasePage.java:105)
at utils.BasePage.waitForElement(BasePage.java:26)
at utils.BasePage.moveToElement(BasePage.java:105)
at utils.BasePage.waitForElement(BasePage.java:26)
at utils.BasePage.moveToElement(BasePage.java:105)
at utils.BasePage.waitForElement(BasePage.java:26)
at utils.BasePage.moveToElement(BasePage.java:105)
at utils.BasePage.waitForElement(BasePage.java:26)
at utils.BasePage.moveToElement(BasePage.java:105)
at utils.BasePage.waitForElement(BasePage.java:26)
at utils.BasePage.moveToElement(BasePage.java:105)
at utils.BasePage.waitForElement(BasePage.java:26)
at utils.BasePage.moveToElement(BasePage.java:105)
at utils.BasePage.waitForElement(BasePage.java:26)
at utils.BasePage.moveToElement(BasePage.java:105)
at utils.BasePage.waitForElement(BasePage.java:26)
at utils.BasePage.moveToElement(BasePage.java:105)
at utils.BasePage.waitForElement(BasePage.java:26)
at utils.BasePage.moveToElement(BasePage.java:105)
at utils.BasePage.waitForElement(BasePage.java:26)
at utils.BasePage.moveToElement(BasePage.java:105)
at utils.BasePage.waitForElement(BasePage.java:26)
at utils.BasePage.moveToElement(BasePage.java:105)
at utils.BasePage.waitForElement(BasePage.java:26)
at utils.BasePage.moveToElement(BasePage.java:105)
at utils.BasePage.waitForElement(BasePage.java:26)
at utils.BasePage.moveToElement(BasePage.java:105)
at utils.BasePage.waitForElement(BasePage.java:26)
at utils.BasePage.moveToElement(BasePage.java:105)
at utils.BasePage.waitForElement(BasePage.java:26)
at utils.BasePage.moveToElement(BasePage.java:105)
at utils.BasePage.waitForElement(BasePage.java:26)
at utils.BasePage.moveToElement(BasePage.java:105)
at utils.BasePage.waitForElement(BasePage.java:26)
at utils.BasePage.moveToElement(BasePage.java:105)
at utils.BasePage.waitForElement(BasePage.java:26)
at utils.BasePage.moveToElement(BasePage.java:105)
at utils.BasePage.waitForElement(BasePage.java:26)
at utils.BasePage.moveToElement(BasePage.java:105)
at utils.BasePage.waitForElement(BasePage.java:26)
at utils.BasePage.moveToElement(BasePage.java:105)
at utils.BasePage.waitForElement(BasePage.java:26)
at utils.BasePage.moveToElement(BasePage.java:105)
at utils.BasePage.waitForElement(BasePage.java:26)
at utils.BasePage.moveToElement(BasePage.java:105)
at utils.BasePage.waitForElement(BasePage.java:26)
at utils.BasePage.moveToElement(BasePage.java:105)
at utils.BasePage.waitForElement(BasePage.java:26)
at utils.BasePage.moveToElement(BasePage.java:105)
at utils.BasePage.waitForElement(BasePage.java:26)
at utils.BasePage.moveToElement(BasePage.java:105)
at utils.BasePage.waitForElement(BasePage.java:26)
at utils.BasePage.moveToElement(BasePage.java:105)
at utils.BasePage.waitForElement(BasePage.java:26)
at utils.BasePage.moveToElement(BasePage.java:105)
at utils.BasePage.waitForElement(BasePage.java:26)
at utils.BasePage.moveToElement(BasePage.java:105)
at utils.BasePage.waitForElement(BasePage.java:26)
at utils.BasePage.moveToElement(BasePage.java:105)
at utils.BasePage.waitForElement(BasePage.java:26)
at utils.BasePage.moveToElement(BasePage.java:105)
at utils.BasePage.waitForElement(BasePage.java:26)
at utils.BasePage.moveToElement(BasePage.java:105)
at utils.BasePage.waitForElement(BasePage.java:26)
at utils.BasePage.moveToElement(BasePage.java:105)
at utils.BasePage.waitForElement(BasePage.java:26)
at utils.BasePage.moveToElement(BasePage.java:105)
at utils.BasePage.waitForElement(BasePage.java:26)
at utils.BasePage.moveToElement(BasePage.java:105)
at utils.BasePage.waitForElement(BasePage.java:26)
at utils.BasePage.moveToElement(BasePage.java:105)
at utils.BasePage.waitForElement(BasePage.java:26)
at utils.BasePage.moveToElement(BasePage.java:105)
at utils.BasePage.waitForElement(BasePage.java:26)
at utils.BasePage.moveToElement(BasePage.java:105)
at utils.BasePage.waitForElement(BasePage.java:26)
at utils.BasePage.moveToElement(BasePage.java:105)
at utils.BasePage.waitForElement(BasePage.java:26)
at utils.BasePage.moveToElement(BasePage.java:105)
at utils.BasePage.waitForElement(BasePage.java:26)
at utils.BasePage.moveToElement(BasePage.java:105)
at utils.BasePage.waitForElement(BasePage.java:26)
at utils.BasePage.moveToElement(BasePage.java:105)
at utils.BasePage.waitForElement(BasePage.java:26)
at utils.BasePage.moveToElement(BasePage.java:105)
at utils.BasePage.waitForElement(BasePage.java:26)
at utils.BasePage.moveToElement(BasePage.java:105)
at utils.BasePage.waitForElement(BasePage.java:26)
at utils.BasePage.moveToElement(BasePage.java:105)
at utils.BasePage.waitForElement(BasePage.java:26)
at utils.BasePage.moveToElement(BasePage.java:105)
at utils.BasePage.waitForElement(BasePage.java:26)
at utils.BasePage.moveToElement(BasePage.java:105)
at utils.BasePage.waitForElement(BasePage.java:26)
at utils.BasePage.moveToElement(BasePage.java:105)
at utils.BasePage.waitForElement(BasePage.java:26)
at utils.BasePage.moveToElement(BasePage.java:105)
at utils.BasePage.waitForElement(BasePage.java:26)
at utils.BasePage.moveToElement(BasePage.java:105)
at utils.BasePage.waitForElement(BasePage.java:26)
at utils.BasePage.moveToElement(BasePage.java:105)
at utils.BasePage.waitForElement(BasePage.java:26)
at utils.BasePage.moveToElement(BasePage.java:105)
at utils.BasePage.waitForElement(BasePage.java:26)
at utils.BasePage.moveToElement(BasePage.java:105)
at utils.BasePage.waitForElement(BasePage.java:26)
at utils.BasePage.moveToElement(BasePage.java:105)
at utils.BasePage.waitForElement(BasePage.java:26)
at utils.BasePage.moveToElement(BasePage.java:105)
at utils.BasePage.waitForElement(BasePage.java:26)
at utils.BasePage.moveToElement(BasePage.java:105)
at utils.BasePage.waitForElement(BasePage.java:26)
at utils.BasePage.moveToElement(BasePage.java:105)
at utils.BasePage.waitForElement(BasePage.java:26)
at utils.BasePage.moveToElement(BasePage.java:105)
at utils.BasePage.waitForElement(BasePage.java:26)
at utils.BasePage.moveToElement(BasePage.java:105)
at utils.BasePage.waitForElement(BasePage.java:26)
at utils.BasePage.moveToElement(BasePage.java:105)
at utils.BasePage.waitForElement(BasePage.java:26)
at utils.BasePage.moveToElement(BasePage.java:105)
at utils.BasePage.waitForElement(BasePage.java:26)
at utils.BasePage.moveToElement(BasePage.java:105)
at utils.BasePage.waitForElement(BasePage.java:26)
at utils.BasePage.moveToElement(BasePage.java:105)
at utils.BasePage.waitForElement(BasePage.java:26)
at utils.BasePage.moveToElement(BasePage.java:105)
at utils.BasePage.waitForElement(BasePage.java:26)
at utils.BasePage.moveToElement(BasePage.java:105)
at utils.BasePage.waitForElement(BasePage.java:26)
at utils.BasePage.moveToElement(BasePage.java:105)
at utils.BasePage.waitForElement(BasePage.java:26)
at utils.BasePage.moveToElement(BasePage.java:105)
at utils.BasePage.waitForElement(BasePage.java:26)
at utils.BasePage.moveToElement(BasePage.java:105)
at utils.BasePage.waitForElement(BasePage.java:26)
at utils.BasePage.moveToElement(BasePage.java:105)
at utils.BasePage.waitForElement(BasePage.java:26)
at utils.BasePage.moveToElement(BasePage.java:105)
at utils.BasePage.waitForElement(BasePage.java:26)
at utils.BasePage.moveToElement(BasePage.java:105)
at utils.BasePage.waitForElement(BasePage.java:26)
at utils.BasePage.moveToElement(BasePage.java:105)
at utils.BasePage.waitForElement(BasePage.java:26)
at utils.BasePage.moveToElement(BasePage.java:105)
at utils.BasePage.waitForElement(BasePage.java:26)
at utils.BasePage.moveToElement(BasePage.java:105)
at utils.BasePage.waitForElement(BasePage.java:26)
at utils.BasePage.moveToElement(BasePage.java:105)
at utils.BasePage.waitForElement(BasePage.java:26)
at utils.BasePage.moveToElement(BasePage.java:105)
at utils.BasePage.waitForElement(BasePage.java:26)
at utils.BasePage.moveToElement(BasePage.java:105)
at utils.BasePage.waitForElement(BasePage.java:26)
at utils.BasePage.moveToElement(BasePage.java:105)
at utils.BasePage.waitForElement(BasePage.java:26)
at utils.BasePage.moveToElement(BasePage.java:105)
at utils.BasePage.waitForElement(BasePage.java:26)
at utils.BasePage.moveToElement(BasePage.java:105)
at utils.BasePage.waitForElement(BasePage.java:26)
at utils.BasePage.moveToElement(BasePage.java:105)
at utils.BasePage.waitForElement(BasePage.java:26)
at utils.BasePage.moveToElement(BasePage.java:105)
at utils.BasePage.waitForElement(BasePage.java:26)
at utils.BasePage.moveToElement(BasePage.java:105)
at utils.BasePage.waitForElement(BasePage.java:26)
at utils.BasePage.moveToElement(BasePage.java:105)
at utils.BasePage.waitForElement(BasePage.java:26)
at utils.BasePage.moveToElement(BasePage.java:105)
at utils.BasePage.waitForElement(BasePage.java:26)
at utils.BasePage.moveToElement(BasePage.java:105)
at utils.BasePage.waitForElement(BasePage.java:26)
at utils.BasePage.moveToElement(BasePage.java:105)
at utils.BasePage.waitForElement(BasePage.java:26)
at utils.BasePage.moveToElement(BasePage.java:105)
at utils.BasePage.waitForElement(BasePage.java:26)
at utils.BasePage.moveToElement(BasePage.java:105)
at utils.BasePage.waitForElement(BasePage.java:26)
at utils.BasePage.moveToElement(BasePage.java:105)
at utils.BasePage.waitForElement(BasePage.java:26)
at utils.BasePage.moveToElement(BasePage.java:105)
at utils.BasePage.waitForElement(BasePage.java:26)
at utils.BasePage.moveToElement(BasePage.java:105)
at utils.BasePage.waitForElement(BasePage.java:26)
at utils.BasePage.moveToElement(BasePage.java:105)
at utils.BasePage.waitForElement(BasePage.java:26)
at utils.BasePage.moveToElement(BasePage.java:105)
at utils.BasePage.waitForElement(BasePage.java:26)
at utils.BasePage.moveToElement(BasePage.java:105)
at utils.BasePage.waitForElement(BasePage.java:26)
at utils.BasePage.moveToElement(BasePage.java:105)
at utils.BasePage.waitForElement(BasePage.java:26)
at utils.BasePage.moveToElement(BasePage.java:105)
at utils.BasePage.waitForElement(BasePage.java:26)
at utils.BasePage.moveToElement(BasePage.java:105)
at utils.BasePage.waitForElement(BasePage.java:26)
at utils.BasePage.moveToElement(BasePage.java:105)
at utils.BasePage.waitForElement(BasePage.java:26)
at utils.BasePage.moveToElement(BasePage.java:105)
at utils.BasePage.waitForElement(BasePage.java:26)
at utils.BasePage.moveToElement(BasePage.java:105)
at utils.BasePage.waitForElement(BasePage.java:26)
at utils.BasePage.moveToElement(BasePage.java:105)
at utils.BasePage.waitForElement(BasePage.java:26)
at utils.BasePage.moveToElement(BasePage.java:105)
at utils.BasePage.waitForElement(BasePage.java:26)
at utils.BasePage.moveToElement(BasePage.java:105)
at utils.BasePage.waitForElement(BasePage.java:26)
at utils.BasePage.moveToElement(BasePage.java:105)
at utils.BasePage.waitForElement(BasePage.java:26)
at utils.BasePage.moveToElement(BasePage.java:105)
at utils.BasePage.waitForElement(BasePage.java:26)
at utils.BasePage.moveToElement(BasePage.java:105)
at utils.BasePage.waitForElement(BasePage.java:26)
at utils.BasePage.moveToElement(BasePage.java:105)
at utils.BasePage.waitForElement(BasePage.java:26)
at utils.BasePage.moveToElement(BasePage.java:105)
at utils.BasePage.waitForElement(BasePage.java:26)
at utils.BasePage.moveToElement(BasePage.java:105)
at utils.BasePage.waitForElement(BasePage.java:26)
at utils.BasePage.moveToElement(BasePage.java:105)
at utils.BasePage.waitForElement(BasePage.java:26)
at utils.BasePage.moveToElement(BasePage.java:105)
at utils.BasePage.waitForElement(BasePage.java:26)
at utils.BasePage.moveToElement(BasePage.java:105)
at utils.BasePage.waitForElement(BasePage.java:26)
at utils.BasePage.moveToElement(BasePage.java:105)
at utils.BasePage.waitForElement(BasePage.java:26)
at utils.BasePage.moveToElement(BasePage.java:105)
at utils.BasePage.waitForElement(BasePage.java:26)
at utils.BasePage.moveToElement(BasePage.java:105)
at utils.BasePage.waitForElement(BasePage.java:26)
at utils.BasePage.moveToElement(BasePage.java:105)
at utils.BasePage.waitForElement(BasePage.java:26)
at utils.BasePage.moveToElement(BasePage.java:105)
at utils.BasePage.waitForElement(BasePage.java:26)
at utils.BasePage.moveToElement(BasePage.java:105)
at utils.BasePage.waitForElement(BasePage.java:26)
at utils.BasePage.moveToElement(BasePage.java:105)
at utils.BasePage.waitForElement(BasePage.java:26)
at utils.BasePage.moveToElement(BasePage.java:105)
at utils.BasePage.waitForElement(BasePage.java:26)
at utils.BasePage.moveToElement(BasePage.java:105)
at utils.BasePage.waitForElement(BasePage.java:26)
at utils.BasePage.moveToElement(BasePage.java:105)
at utils.BasePage.waitForElement(BasePage.java:26)
at utils.BasePage.moveToElement(BasePage.java:105)
at utils.BasePage.waitForElement(BasePage.java:26)
at utils.BasePage.moveToElement(BasePage.java:105)
at utils.BasePage.waitForElement(BasePage.java:26)
at utils.BasePage.moveToElement(BasePage.java:105)
at utils.BasePage.waitForElement(BasePage.java:26)
at utils.BasePage.moveToElement(BasePage.java:105)
at utils.BasePage.waitForElement(BasePage.java:26)
at utils.BasePage.moveToElement(BasePage.java:105)
at utils.BasePage.waitForElement(BasePage.java:26)
at utils.BasePage.moveToElement(BasePage.java:105)
at utils.BasePage.waitForElement(BasePage.java:26)
at utils.BasePage.moveToElement(BasePage.java:105)
at utils.BasePage.waitForElement(BasePage.java:26)
at utils.BasePage.moveToElement(BasePage.java:105)
at utils.BasePage.waitForElement(BasePage.java:26)
at utils.BasePage.moveToElement(BasePage.java:105)
at utils.BasePage.waitForElement(BasePage.java:26)
at utils.BasePage.moveToElement(BasePage.java:105)
at utils.BasePage.waitForElement(BasePage.java:26)
at utils.BasePage.moveToElement(BasePage.java:105)
at utils.BasePage.waitForElement(BasePage.java:26)
at utils.BasePage.moveToElement(BasePage.java:105)
at utils.BasePage.waitForElement(BasePage.java:26)
at utils.BasePage.moveToElement(BasePage.java:105)
at utils.BasePage.waitForElement(BasePage.java:26)
at utils.BasePage.moveToElement(BasePage.java:105)
at utils.BasePage.waitForElement(BasePage.java:26)
at utils.BasePage.moveToElement(BasePage.java:105)
at utils.BasePage.waitForElement(BasePage.java:26)
at utils.BasePage.moveToElement(BasePage.java:105)
at utils.BasePage.waitForElement(BasePage.java:26)
at utils.BasePage.moveToElement(BasePage.java:105)
at utils.BasePage.waitForElement(BasePage.java:26)
at utils.BasePage.moveToElement(BasePage.java:105)
at utils.BasePage.waitForElement(BasePage.java:26)
at utils.BasePage.moveToElement(BasePage.java:105)
at utils.BasePage.waitForElement(BasePage.java:26)
at utils.BasePage.moveToElement(BasePage.java:105)
at utils.BasePage.waitForElement(BasePage.java:26)
at utils.BasePage.moveToElement(BasePage.java:105)
at utils.BasePage.waitForElement(BasePage.java:26)
at utils.BasePage.moveToElement(BasePage.java:105)
at utils.BasePage.waitForElement(BasePage.java:26)
at utils.BasePage.moveToElement(BasePage.java:105)
at utils.BasePage.waitForElement(BasePage.java:26)
at utils.BasePage.moveToElement(BasePage.java:105)
at utils.BasePage.waitForElement(BasePage.java:26)
at utils.BasePage.moveToElement(BasePage.java:105)
at utils.BasePage.waitForElement(BasePage.java:26)
at utils.BasePage.moveToElement(BasePage.java:105)
at utils.BasePage.waitForElement(BasePage.java:26)
at utils.BasePage.moveToElement(BasePage.java:105)
at utils.BasePage.waitForElement(BasePage.java:26)
at utils.BasePage.moveToElement(BasePage.java:105)
at utils.BasePage.waitForElement(BasePage.java:26)
at utils.BasePage.moveToElement(BasePage.java:105)
at utils.BasePage.waitForElement(BasePage.java:26)
at utils.BasePage.moveToElement(BasePage.java:105)
at utils.BasePage.waitForElement(BasePage.java:26)
]]>
    </failure>
  </testcase> <!-- register -->
  <testcase name="signUpUsingService" time="0.0" classname="serviceTests.SignupTest">
    <failure type="java.lang.NullPointerException">
      <![CDATA[java.lang.NullPointerException
at serviceTests.SignupTest.signUpUsingService(SignupTest.java:13)
at java.util.concurrent.FutureTask.run(Unknown Source)
at java.util.concurrent.ThreadPoolExecutor.runWorker(Unknown Source)
at java.util.concurrent.ThreadPoolExecutor$Worker.run(Unknown Source)
at java.lang.Thread.run(Unknown Source)
... Removed 16 stack frames]]>
    </failure>
  </testcase> <!-- signUpUsingService -->
  <testcase name="signInUsingService" time="0.0" classname="serviceTests.SignupTest">
    <skipped/>
  </testcase> <!-- signInUsingService -->
  <testcase name="@AfterSuite TeardownTest" time="0.0" classname="utils.DriverInfo">
    <ignored/>
  </testcase> <!-- @AfterSuite TeardownTest -->
  <testcase name="@BeforeTest setup" time="0.0" classname="utils.DriverInfo">
    <ignored/>
  </testcase> <!-- @BeforeTest setup -->
  <testcase name="@BeforeSuite initialize" time="0.0" classname="utils.DriverInfo">
    <ignored/>
  </testcase> <!-- @BeforeSuite initialize -->
</testsuite> <!-- Test -->
