<?xml version="1.0" encoding="UTF-8"?>
<!-- Generated by org.testng.reporters.JUnitXMLReporter -->
<testsuite hostname="azstorageexp" ignored="4" name="Test" tests="3" failures="1" timestamp="15 Feb 2020 18:28:28 GMT" time="3.133" errors="0">
  <testcase name="@AfterMethod getResult" time="0.001" classname="utils.DriverInfo">
    <failure type="java.lang.NullPointerException">
      <![CDATA[java.lang.NullPointerException
at utils.DriverInfo.getResult(DriverInfo.java:82)
at java.util.concurrent.FutureTask.run(Unknown Source)
at java.util.concurrent.ThreadPoolExecutor.runWorker(Unknown Source)
at java.util.concurrent.ThreadPoolExecutor$Worker.run(Unknown Source)
at java.lang.Thread.run(Unknown Source)
... Removed 19 stack frames]]>
    </failure>
  </testcase> <!-- @AfterMethod getResult -->
  <testcase name="oAuthTokenService" time="1.476" classname="serviceTests.SignupTest"/>
  <testcase name="searchSofaService" time="0.001" classname="serviceTests.AddToCartTest">
    <failure type="java.lang.NullPointerException">
      <![CDATA[java.lang.NullPointerException
at serviceTests.AddToCartTest.searchSofaService(AddToCartTest.java:12)
at java.util.concurrent.FutureTask.run(Unknown Source)
at java.util.concurrent.ThreadPoolExecutor.runWorker(Unknown Source)
at java.util.concurrent.ThreadPoolExecutor$Worker.run(Unknown Source)
at java.lang.Thread.run(Unknown Source)
... Removed 16 stack frames]]>
    </failure>
  </testcase> <!-- searchSofaService -->
  <testcase name="signInUsingService" time="0.217" classname="serviceTests.SignupTest"/>
  <testcase name="@AfterSuite TeardownTest" time="0.0" classname="utils.DriverInfo">
    <ignored/>
  </testcase> <!-- @AfterSuite TeardownTest -->
  <testcase name="@BeforeSuite setup" time="0.0" classname="utils.DriverInfo">
    <ignored/>
  </testcase> <!-- @BeforeSuite setup -->
  <testcase name="signUpUsingService" time="0.0" classname="serviceTests.SignupTest">
    <ignored/>
  </testcase> <!-- signUpUsingService -->
  <testcase name="@BeforeSuite initialize" time="0.0" classname="utils.DriverInfo">
    <ignored/>
  </testcase> <!-- @BeforeSuite initialize -->
</testsuite> <!-- Test -->
