<?xml version="1.0" encoding="UTF-8"?>
<!-- Generated by org.testng.reporters.JUnitXMLReporter -->
<testsuite hostname="azstorageexp" ignored="0" name="test name SECOND" tests="8" failures="0" timestamp="16 Feb 2020 11:18:54 GMT" time="3.195" errors="0">
  <testcase name="oAuthTokenService" time="1.656" classname="serviceTests.AddToCartTest"/>
  <testcase name="signInUsingService" time="0.229" classname="serviceTests.AddToCartTest"/>
  <testcase name="searchSofaService" time="0.503" classname="serviceTests.AddToCartTest"/>
  <testcase name="getProductDetailsService" time="0.068" classname="serviceTests.AddToCartTest"/>
  <testcase name="addProductToCart" time="0.064" classname="serviceTests.AddToCartTest"/>
  <testcase name="reviewCart" time="0.083" classname="serviceTests.AddToCartTest"/>
  <testcase name="updateCart" time="0.058" classname="serviceTests.AddToCartTest"/>
  <testcase name="deleteFromCart" time="0.049" classname="serviceTests.AddToCartTest"/>
</testsuite> <!-- test name SECOND -->
